{"C:\\Users\\sisth\\OneDrive\\Desktop\\softwaresis\\CollabCanvas\\backend\\config\\database.js": {"path":"C:\\Users\\sisth\\OneDrive\\Desktop\\softwaresis\\CollabCanvas\\backend\\config\\database.js","statementMap":{"0":{"start":{"line":6,"column":17},"end":{"line":6,"column":36}},"1":{"start":{"line":16,"column":18},"end":{"line":48,"column":1}},"2":{"start":{"line":18,"column":22},"end":{"line":18,"column":23}},"3":{"start":{"line":20,"column":22},"end":{"line":20,"column":26}},"4":{"start":{"line":23,"column":2},"end":{"line":47,"column":3}},"5":{"start":{"line":23,"column":15},"end":{"line":23,"column":16}},"6":{"start":{"line":24,"column":4},"end":{"line":46,"column":5}},"7":{"start":{"line":26,"column":6},"end":{"line":26,"column":52}},"8":{"start":{"line":28,"column":6},"end":{"line":28,"column":39}},"9":{"start":{"line":30,"column":6},"end":{"line":30,"column":13}},"10":{"start":{"line":33,"column":6},"end":{"line":33,"column":83}},"11":{"start":{"line":35,"column":6},"end":{"line":45,"column":7}},"12":{"start":{"line":37,"column":8},"end":{"line":37,"column":68}},"13":{"start":{"line":39,"column":8},"end":{"line":39,"column":73}},"14":{"start":{"line":39,"column":39},"end":{"line":39,"column":71}},"15":{"start":{"line":42,"column":8},"end":{"line":42,"column":55}},"16":{"start":{"line":44,"column":8},"end":{"line":44,"column":24}},"17":{"start":{"line":51,"column":0},"end":{"line":51,"column":27}}},"fnMap":{"0":{"name":"(anonymous_0)","decl":{"start":{"line":16,"column":18},"end":{"line":16,"column":19}},"loc":{"start":{"line":16,"column":30},"end":{"line":48,"column":1}},"line":16},"1":{"name":"(anonymous_1)","decl":{"start":{"line":39,"column":26},"end":{"line":39,"column":27}},"loc":{"start":{"line":39,"column":39},"end":{"line":39,"column":71}},"line":39}},"branchMap":{"0":{"loc":{"start":{"line":35,"column":6},"end":{"line":45,"column":7}},"type":"if","locations":[{"start":{"line":35,"column":6},"end":{"line":45,"column":7}},{"start":{"line":40,"column":13},"end":{"line":45,"column":7}}],"line":35}},"s":{"0":4,"1":4,"2":4,"3":4,"4":4,"5":4,"6":9,"7":9,"8":3,"9":3,"10":6,"11":6,"12":5,"13":5,"14":5,"15":1,"16":1,"17":4},"f":{"0":4,"1":5},"b":{"0":[5,1]},"_coverageSchema":"1a1c01bbd47fc00a2c39e90264f33305004495a9","hash":"09e88555b327c98b09f52668ef73cf3d91b803ae"}
,"C:\\Users\\sisth\\OneDrive\\Desktop\\softwaresis\\CollabCanvas\\backend\\controllers\\notificationController.js": {"path":"C:\\Users\\sisth\\OneDrive\\Desktop\\softwaresis\\CollabCanvas\\backend\\controllers\\notificationController.js","statementMap":{"0":{"start":{"line":6,"column":21},"end":{"line":6,"column":54}},"1":{"start":{"line":8,"column":13},"end":{"line":8,"column":38}},"2":{"start":{"line":19,"column":25},"end":{"line":66,"column":1}},"3":{"start":{"line":20,"column":2},"end":{"line":65,"column":3}},"4":{"start":{"line":22,"column":57},"end":{"line":22,"column":66}},"5":{"start":{"line":25,"column":18},"end":{"line":25,"column":45}},"6":{"start":{"line":27,"column":4},"end":{"line":29,"column":5}},"7":{"start":{"line":28,"column":6},"end":{"line":28,"column":27}},"8":{"start":{"line":32,"column":26},"end":{"line":42,"column":31}},"9":{"start":{"line":45,"column":18},"end":{"line":45,"column":58}},"10":{"start":{"line":48,"column":4},"end":{"line":57,"column":7}},"11":{"start":{"line":60,"column":4},"end":{"line":64,"column":7}},"12":{"start":{"line":77,"column":23},"end":{"line":98,"column":1}},"13":{"start":{"line":78,"column":2},"end":{"line":97,"column":3}},"14":{"start":{"line":80,"column":24},"end":{"line":83,"column":6}},"15":{"start":{"line":86,"column":4},"end":{"line":89,"column":7}},"16":{"start":{"line":92,"column":4},"end":{"line":96,"column":7}},"17":{"start":{"line":109,"column":31},"end":{"line":150,"column":1}},"18":{"start":{"line":110,"column":2},"end":{"line":149,"column":3}},"19":{"start":{"line":112,"column":19},"end":{"line":112,"column":29}},"20":{"start":{"line":115,"column":25},"end":{"line":126,"column":5}},"21":{"start":{"line":129,"column":4},"end":{"line":134,"column":5}},"22":{"start":{"line":130,"column":6},"end":{"line":133,"column":9}},"23":{"start":{"line":137,"column":4},"end":{"line":141,"column":7}},"24":{"start":{"line":144,"column":4},"end":{"line":148,"column":7}},"25":{"start":{"line":161,"column":22},"end":{"line":189,"column":1}},"26":{"start":{"line":162,"column":2},"end":{"line":188,"column":3}},"27":{"start":{"line":164,"column":19},"end":{"line":172,"column":5}},"28":{"start":{"line":175,"column":4},"end":{"line":180,"column":7}},"29":{"start":{"line":183,"column":4},"end":{"line":187,"column":7}},"30":{"start":{"line":200,"column":27},"end":{"line":232,"column":1}},"31":{"start":{"line":201,"column":2},"end":{"line":231,"column":3}},"32":{"start":{"line":203,"column":19},"end":{"line":203,"column":29}},"33":{"start":{"line":206,"column":25},"end":{"line":209,"column":6}},"34":{"start":{"line":212,"column":4},"end":{"line":217,"column":5}},"35":{"start":{"line":213,"column":6},"end":{"line":216,"column":9}},"36":{"start":{"line":220,"column":4},"end":{"line":223,"column":7}},"37":{"start":{"line":226,"column":4},"end":{"line":230,"column":7}},"38":{"start":{"line":246,"column":27},"end":{"line":276,"column":1}},"39":{"start":{"line":253,"column":2},"end":{"line":275,"column":3}},"40":{"start":{"line":255,"column":25},"end":{"line":264,"column":6}},"41":{"start":{"line":267,"column":4},"end":{"line":267,"column":30}},"42":{"start":{"line":269,"column":4},"end":{"line":269,"column":24}},"43":{"start":{"line":272,"column":4},"end":{"line":272,"column":57}},"44":{"start":{"line":274,"column":4},"end":{"line":274,"column":16}},"45":{"start":{"line":278,"column":0},"end":{"line":285,"column":2}}},"fnMap":{"0":{"name":"(anonymous_0)","decl":{"start":{"line":19,"column":25},"end":{"line":19,"column":26}},"loc":{"start":{"line":19,"column":45},"end":{"line":66,"column":1}},"line":19},"1":{"name":"(anonymous_1)","decl":{"start":{"line":77,"column":23},"end":{"line":77,"column":24}},"loc":{"start":{"line":77,"column":43},"end":{"line":98,"column":1}},"line":77},"2":{"name":"(anonymous_2)","decl":{"start":{"line":109,"column":31},"end":{"line":109,"column":32}},"loc":{"start":{"line":109,"column":51},"end":{"line":150,"column":1}},"line":109},"3":{"name":"(anonymous_3)","decl":{"start":{"line":161,"column":22},"end":{"line":161,"column":23}},"loc":{"start":{"line":161,"column":42},"end":{"line":189,"column":1}},"line":161},"4":{"name":"(anonymous_4)","decl":{"start":{"line":200,"column":27},"end":{"line":200,"column":28}},"loc":{"start":{"line":200,"column":47},"end":{"line":232,"column":1}},"line":200},"5":{"name":"(anonymous_5)","decl":{"start":{"line":246,"column":27},"end":{"line":246,"column":28}},"loc":{"start":{"line":252,"column":5},"end":{"line":276,"column":1}},"line":252}},"branchMap":{"0":{"loc":{"start":{"line":22,"column":12},"end":{"line":22,"column":20}},"type":"default-arg","locations":[{"start":{"line":22,"column":19},"end":{"line":22,"column":20}}],"line":22},"1":{"loc":{"start":{"line":22,"column":22},"end":{"line":22,"column":32}},"type":"default-arg","locations":[{"start":{"line":22,"column":30},"end":{"line":22,"column":32}}],"line":22},"2":{"loc":{"start":{"line":22,"column":34},"end":{"line":22,"column":52}},"type":"default-arg","locations":[{"start":{"line":22,"column":47},"end":{"line":22,"column":52}}],"line":22},"3":{"loc":{"start":{"line":27,"column":4},"end":{"line":29,"column":5}},"type":"if","locations":[{"start":{"line":27,"column":4},"end":{"line":29,"column":5}},{"start":{},"end":{}}],"line":27},"4":{"loc":{"start":{"line":129,"column":4},"end":{"line":134,"column":5}},"type":"if","locations":[{"start":{"line":129,"column":4},"end":{"line":134,"column":5}},{"start":{},"end":{}}],"line":129},"5":{"loc":{"start":{"line":212,"column":4},"end":{"line":217,"column":5}},"type":"if","locations":[{"start":{"line":212,"column":4},"end":{"line":217,"column":5}},{"start":{},"end":{}}],"line":212},"6":{"loc":{"start":{"line":251,"column":2},"end":{"line":251,"column":14}},"type":"default-arg","locations":[{"start":{"line":251,"column":12},"end":{"line":251,"column":14}}],"line":251}},"s":{"0":1,"1":1,"2":1,"3":3,"4":3,"5":3,"6":3,"7":1,"8":3,"9":2,"10":2,"11":1,"12":1,"13":3,"14":3,"15":2,"16":1,"17":1,"18":3,"19":3,"20":3,"21":2,"22":1,"23":1,"24":1,"25":1,"26":2,"27":2,"28":1,"29":1,"30":1,"31":3,"32":3,"33":3,"34":2,"35":1,"36":1,"37":1,"38":1,"39":2,"40":2,"41":2,"42":1,"43":1,"44":1,"45":1},"f":{"0":3,"1":3,"2":3,"3":2,"4":3,"5":2},"b":{"0":[2],"1":[2],"2":[2],"3":[1,2],"4":[1,1],"5":[1,1],"6":[1]},"_coverageSchema":"1a1c01bbd47fc00a2c39e90264f33305004495a9","hash":"d1d0bebcd92f5a5056815a497a7d885051739346"}
,"C:\\Users\\sisth\\OneDrive\\Desktop\\softwaresis\\CollabCanvas\\backend\\controllers\\participantController.js": {"path":"C:\\Users\\sisth\\OneDrive\\Desktop\\softwaresis\\CollabCanvas\\backend\\controllers\\participantController.js","statementMap":{"0":{"start":{"line":6,"column":20},"end":{"line":6,"column":52}},"1":{"start":{"line":8,"column":13},"end":{"line":8,"column":38}},"2":{"start":{"line":10,"column":13},"end":{"line":10,"column":38}},"3":{"start":{"line":21,"column":28},"end":{"line":53,"column":1}},"4":{"start":{"line":22,"column":2},"end":{"line":52,"column":3}},"5":{"start":{"line":24,"column":23},"end":{"line":24,"column":33}},"6":{"start":{"line":27,"column":28},"end":{"line":30,"column":6}},"7":{"start":{"line":33,"column":4},"end":{"line":35,"column":5}},"8":{"start":{"line":34,"column":6},"end":{"line":34,"column":77}},"9":{"start":{"line":38,"column":25},"end":{"line":42,"column":29}},"10":{"start":{"line":45,"column":4},"end":{"line":48,"column":7}},"11":{"start":{"line":51,"column":4},"end":{"line":51,"column":51}},"12":{"start":{"line":64,"column":19},"end":{"line":103,"column":1}},"13":{"start":{"line":65,"column":2},"end":{"line":102,"column":3}},"14":{"start":{"line":67,"column":38},"end":{"line":67,"column":48}},"15":{"start":{"line":69,"column":21},"end":{"line":69,"column":29}},"16":{"start":{"line":72,"column":17},"end":{"line":72,"column":62}},"17":{"start":{"line":74,"column":4},"end":{"line":78,"column":5}},"18":{"start":{"line":75,"column":6},"end":{"line":77,"column":61}},"19":{"start":{"line":81,"column":24},"end":{"line":88,"column":34}},"20":{"start":{"line":91,"column":4},"end":{"line":98,"column":7}},"21":{"start":{"line":101,"column":4},"end":{"line":101,"column":51}},"22":{"start":{"line":114,"column":24},"end":{"line":156,"column":1}},"23":{"start":{"line":115,"column":2},"end":{"line":155,"column":3}},"24":{"start":{"line":117,"column":38},"end":{"line":117,"column":48}},"25":{"start":{"line":120,"column":22},"end":{"line":123,"column":6}},"26":{"start":{"line":126,"column":4},"end":{"line":130,"column":5}},"27":{"start":{"line":127,"column":6},"end":{"line":129,"column":64}},"28":{"start":{"line":133,"column":30},"end":{"line":133,"column":71}},"29":{"start":{"line":135,"column":4},"end":{"line":140,"column":5}},"30":{"start":{"line":139,"column":6},"end":{"line":139,"column":71}},"31":{"start":{"line":143,"column":4},"end":{"line":145,"column":7}},"32":{"start":{"line":148,"column":4},"end":{"line":148,"column":55}},"33":{"start":{"line":151,"column":4},"end":{"line":151,"column":76}},"34":{"start":{"line":154,"column":4},"end":{"line":154,"column":51}},"35":{"start":{"line":167,"column":23},"end":{"line":197,"column":1}},"36":{"start":{"line":168,"column":2},"end":{"line":196,"column":3}},"37":{"start":{"line":170,"column":38},"end":{"line":170,"column":48}},"38":{"start":{"line":173,"column":22},"end":{"line":176,"column":6}},"39":{"start":{"line":179,"column":4},"end":{"line":183,"column":5}},"40":{"start":{"line":180,"column":6},"end":{"line":182,"column":63}},"41":{"start":{"line":186,"column":4},"end":{"line":189,"column":6}},"42":{"start":{"line":192,"column":4},"end":{"line":192,"column":63}},"43":{"start":{"line":195,"column":4},"end":{"line":195,"column":51}},"44":{"start":{"line":208,"column":25},"end":{"line":232,"column":1}},"45":{"start":{"line":209,"column":2},"end":{"line":231,"column":3}},"46":{"start":{"line":211,"column":38},"end":{"line":211,"column":48}},"47":{"start":{"line":214,"column":17},"end":{"line":214,"column":62}},"48":{"start":{"line":216,"column":4},"end":{"line":218,"column":5}},"49":{"start":{"line":217,"column":6},"end":{"line":217,"column":74}},"50":{"start":{"line":221,"column":4},"end":{"line":224,"column":6}},"51":{"start":{"line":227,"column":4},"end":{"line":227,"column":65}},"52":{"start":{"line":230,"column":4},"end":{"line":230,"column":51}},"53":{"start":{"line":243,"column":27},"end":{"line":275,"column":1}},"54":{"start":{"line":244,"column":2},"end":{"line":274,"column":3}},"55":{"start":{"line":246,"column":23},"end":{"line":246,"column":33}},"56":{"start":{"line":247,"column":28},"end":{"line":247,"column":37}},"57":{"start":{"line":250,"column":4},"end":{"line":250,"column":68}},"58":{"start":{"line":253,"column":19},"end":{"line":253,"column":35}},"59":{"start":{"line":255,"column":4},"end":{"line":257,"column":5}},"60":{"start":{"line":256,"column":6},"end":{"line":256,"column":65}},"61":{"start":{"line":259,"column":4},"end":{"line":261,"column":5}},"62":{"start":{"line":260,"column":6},"end":{"line":260,"column":25}},"63":{"start":{"line":264,"column":25},"end":{"line":267,"column":16}},"64":{"start":{"line":270,"column":4},"end":{"line":270,"column":31}},"65":{"start":{"line":273,"column":4},"end":{"line":273,"column":51}},"66":{"start":{"line":277,"column":0},"end":{"line":284,"column":2}}},"fnMap":{"0":{"name":"(anonymous_0)","decl":{"start":{"line":21,"column":28},"end":{"line":21,"column":29}},"loc":{"start":{"line":21,"column":48},"end":{"line":53,"column":1}},"line":21},"1":{"name":"(anonymous_1)","decl":{"start":{"line":64,"column":19},"end":{"line":64,"column":20}},"loc":{"start":{"line":64,"column":39},"end":{"line":103,"column":1}},"line":64},"2":{"name":"(anonymous_2)","decl":{"start":{"line":114,"column":24},"end":{"line":114,"column":25}},"loc":{"start":{"line":114,"column":44},"end":{"line":156,"column":1}},"line":114},"3":{"name":"(anonymous_3)","decl":{"start":{"line":167,"column":23},"end":{"line":167,"column":24}},"loc":{"start":{"line":167,"column":43},"end":{"line":197,"column":1}},"line":167},"4":{"name":"(anonymous_4)","decl":{"start":{"line":208,"column":25},"end":{"line":208,"column":26}},"loc":{"start":{"line":208,"column":45},"end":{"line":232,"column":1}},"line":208},"5":{"name":"(anonymous_5)","decl":{"start":{"line":243,"column":27},"end":{"line":243,"column":28}},"loc":{"start":{"line":243,"column":47},"end":{"line":275,"column":1}},"line":243}},"branchMap":{"0":{"loc":{"start":{"line":33,"column":4},"end":{"line":35,"column":5}},"type":"if","locations":[{"start":{"line":33,"column":4},"end":{"line":35,"column":5}},{"start":{},"end":{}}],"line":33},"1":{"loc":{"start":{"line":74,"column":4},"end":{"line":78,"column":5}},"type":"if","locations":[{"start":{"line":74,"column":4},"end":{"line":78,"column":5}},{"start":{},"end":{}}],"line":74},"2":{"loc":{"start":{"line":74,"column":8},"end":{"line":74,"column":64}},"type":"binary-expr","locations":[{"start":{"line":74,"column":8},"end":{"line":74,"column":13}},{"start":{"line":74,"column":17},"end":{"line":74,"column":64}}],"line":74},"3":{"loc":{"start":{"line":126,"column":4},"end":{"line":130,"column":5}},"type":"if","locations":[{"start":{"line":126,"column":4},"end":{"line":130,"column":5}},{"start":{},"end":{}}],"line":126},"4":{"loc":{"start":{"line":126,"column":8},"end":{"line":126,"column":70}},"type":"binary-expr","locations":[{"start":{"line":126,"column":8},"end":{"line":126,"column":18}},{"start":{"line":126,"column":22},"end":{"line":126,"column":70}}],"line":126},"5":{"loc":{"start":{"line":135,"column":4},"end":{"line":140,"column":5}},"type":"if","locations":[{"start":{"line":135,"column":4},"end":{"line":140,"column":5}},{"start":{},"end":{}}],"line":135},"6":{"loc":{"start":{"line":136,"column":6},"end":{"line":137,"column":61}},"type":"binary-expr","locations":[{"start":{"line":136,"column":6},"end":{"line":136,"column":24}},{"start":{"line":137,"column":6},"end":{"line":137,"column":61}}],"line":136},"7":{"loc":{"start":{"line":179,"column":4},"end":{"line":183,"column":5}},"type":"if","locations":[{"start":{"line":179,"column":4},"end":{"line":183,"column":5}},{"start":{},"end":{}}],"line":179},"8":{"loc":{"start":{"line":179,"column":8},"end":{"line":179,"column":70}},"type":"binary-expr","locations":[{"start":{"line":179,"column":8},"end":{"line":179,"column":18}},{"start":{"line":179,"column":22},"end":{"line":179,"column":70}}],"line":179},"9":{"loc":{"start":{"line":216,"column":4},"end":{"line":218,"column":5}},"type":"if","locations":[{"start":{"line":216,"column":4},"end":{"line":218,"column":5}},{"start":{},"end":{}}],"line":216},"10":{"loc":{"start":{"line":255,"column":4},"end":{"line":257,"column":5}},"type":"if","locations":[{"start":{"line":255,"column":4},"end":{"line":257,"column":5}},{"start":{},"end":{}}],"line":255},"11":{"loc":{"start":{"line":259,"column":4},"end":{"line":261,"column":5}},"type":"if","locations":[{"start":{"line":259,"column":4},"end":{"line":261,"column":5}},{"start":{},"end":{}}],"line":259}},"s":{"0":1,"1":1,"2":1,"3":1,"4":3,"5":3,"6":3,"7":2,"8":1,"9":1,"10":1,"11":1,"12":1,"13":3,"14":3,"15":3,"16":3,"17":3,"18":2,"19":1,"20":1,"21":0,"22":1,"23":4,"24":4,"25":4,"26":4,"27":2,"28":2,"29":2,"30":1,"31":1,"32":1,"33":1,"34":0,"35":1,"36":3,"37":3,"38":3,"39":2,"40":1,"41":1,"42":1,"43":1,"44":1,"45":2,"46":2,"47":2,"48":2,"49":1,"50":1,"51":1,"52":0,"53":1,"54":3,"55":3,"56":3,"57":3,"58":2,"59":2,"60":1,"61":2,"62":1,"63":2,"64":2,"65":1,"66":1},"f":{"0":3,"1":3,"2":4,"3":3,"4":2,"5":3},"b":{"0":[1,1],"1":[2,1],"2":[3,2],"3":[2,2],"4":[4,3],"5":[1,1],"6":[2,2],"7":[1,1],"8":[2,2],"9":[1,1],"10":[1,1],"11":[1,1]},"_coverageSchema":"1a1c01bbd47fc00a2c39e90264f33305004495a9","hash":"172581d0ccfa991d333770a8dc1e81567f408439"}
,"C:\\Users\\sisth\\OneDrive\\Desktop\\softwaresis\\CollabCanvas\\backend\\controllers\\roomController.js": {"path":"C:\\Users\\sisth\\OneDrive\\Desktop\\softwaresis\\CollabCanvas\\backend\\controllers\\roomController.js","statementMap":{"0":{"start":{"line":6,"column":17},"end":{"line":6,"column":36}},"1":{"start":{"line":8,"column":13},"end":{"line":8,"column":38}},"2":{"start":{"line":10,"column":20},"end":{"line":10,"column":52}},"3":{"start":{"line":12,"column":19},"end":{"line":12,"column":50}},"4":{"start":{"line":14,"column":13},"end":{"line":14,"column":38}},"5":{"start":{"line":16,"column":29},"end":{"line":16,"column":65}},"6":{"start":{"line":18,"column":25},"end":{"line":18,"column":42}},"7":{"start":{"line":29,"column":19},"end":{"line":87,"column":1}},"8":{"start":{"line":30,"column":2},"end":{"line":86,"column":3}},"9":{"start":{"line":32,"column":56},"end":{"line":32,"column":64}},"10":{"start":{"line":37,"column":4},"end":{"line":42,"column":27}},"11":{"start":{"line":39,"column":6},"end":{"line":39,"column":36}},"12":{"start":{"line":41,"column":6},"end":{"line":41,"column":54}},"13":{"start":{"line":45,"column":17},"end":{"line":53,"column":6}},"14":{"start":{"line":56,"column":4},"end":{"line":56,"column":22}},"15":{"start":{"line":59,"column":29},"end":{"line":64,"column":6}},"16":{"start":{"line":66,"column":4},"end":{"line":66,"column":34}},"17":{"start":{"line":69,"column":4},"end":{"line":69,"column":49}},"18":{"start":{"line":71,"column":4},"end":{"line":71,"column":22}},"19":{"start":{"line":74,"column":4},"end":{"line":82,"column":7}},"20":{"start":{"line":85,"column":4},"end":{"line":85,"column":51}},"21":{"start":{"line":98,"column":17},"end":{"line":168,"column":1}},"22":{"start":{"line":99,"column":2},"end":{"line":167,"column":3}},"23":{"start":{"line":101,"column":35},"end":{"line":101,"column":43}},"24":{"start":{"line":104,"column":17},"end":{"line":107,"column":36}},"25":{"start":{"line":110,"column":4},"end":{"line":112,"column":5}},"26":{"start":{"line":111,"column":6},"end":{"line":111,"column":63}},"27":{"start":{"line":115,"column":4},"end":{"line":122,"column":5}},"28":{"start":{"line":117,"column":30},"end":{"line":117,"column":72}},"29":{"start":{"line":119,"column":6},"end":{"line":121,"column":7}},"30":{"start":{"line":120,"column":8},"end":{"line":120,"column":67}},"31":{"start":{"line":125,"column":32},"end":{"line":128,"column":6}},"32":{"start":{"line":131,"column":4},"end":{"line":136,"column":5}},"33":{"start":{"line":132,"column":6},"end":{"line":135,"column":9}},"34":{"start":{"line":139,"column":24},"end":{"line":142,"column":6}},"35":{"start":{"line":144,"column":4},"end":{"line":144,"column":29}},"36":{"start":{"line":147,"column":4},"end":{"line":147,"column":44}},"37":{"start":{"line":149,"column":4},"end":{"line":149,"column":22}},"38":{"start":{"line":152,"column":4},"end":{"line":163,"column":7}},"39":{"start":{"line":166,"column":4},"end":{"line":166,"column":51}},"40":{"start":{"line":179,"column":23},"end":{"line":223,"column":1}},"41":{"start":{"line":180,"column":2},"end":{"line":222,"column":3}},"42":{"start":{"line":182,"column":45},"end":{"line":182,"column":54}},"43":{"start":{"line":184,"column":18},"end":{"line":187,"column":5}},"44":{"start":{"line":190,"column":4},"end":{"line":192,"column":5}},"45":{"start":{"line":191,"column":6},"end":{"line":191,"column":53}},"46":{"start":{"line":195,"column":18},"end":{"line":203,"column":30}},"47":{"start":{"line":206,"column":18},"end":{"line":206,"column":50}},"48":{"start":{"line":209,"column":4},"end":{"line":218,"column":7}},"49":{"start":{"line":221,"column":4},"end":{"line":221,"column":67}},"50":{"start":{"line":234,"column":19},"end":{"line":263,"column":1}},"51":{"start":{"line":235,"column":2},"end":{"line":262,"column":3}},"52":{"start":{"line":237,"column":31},"end":{"line":240,"column":21}},"53":{"start":{"line":243,"column":31},"end":{"line":243,"column":68}},"54":{"start":{"line":243,"column":61},"end":{"line":243,"column":67}},"55":{"start":{"line":246,"column":18},"end":{"line":255,"column":30}},"56":{"start":{"line":258,"column":4},"end":{"line":258,"column":39}},"57":{"start":{"line":261,"column":4},"end":{"line":261,"column":67}},"58":{"start":{"line":274,"column":19},"end":{"line":304,"column":1}},"59":{"start":{"line":275,"column":2},"end":{"line":303,"column":3}},"60":{"start":{"line":277,"column":19},"end":{"line":277,"column":29}},"61":{"start":{"line":278,"column":20},"end":{"line":278,"column":28}},"62":{"start":{"line":281,"column":17},"end":{"line":284,"column":6}},"63":{"start":{"line":287,"column":4},"end":{"line":291,"column":5}},"64":{"start":{"line":288,"column":6},"end":{"line":290,"column":61}},"65":{"start":{"line":294,"column":4},"end":{"line":294,"column":33}},"66":{"start":{"line":296,"column":4},"end":{"line":296,"column":22}},"67":{"start":{"line":299,"column":4},"end":{"line":299,"column":38}},"68":{"start":{"line":302,"column":4},"end":{"line":302,"column":51}},"69":{"start":{"line":315,"column":19},"end":{"line":340,"column":1}},"70":{"start":{"line":316,"column":2},"end":{"line":339,"column":3}},"71":{"start":{"line":318,"column":19},"end":{"line":318,"column":29}},"72":{"start":{"line":321,"column":17},"end":{"line":325,"column":5}},"73":{"start":{"line":328,"column":4},"end":{"line":332,"column":5}},"74":{"start":{"line":329,"column":6},"end":{"line":331,"column":61}},"75":{"start":{"line":335,"column":4},"end":{"line":335,"column":32}},"76":{"start":{"line":338,"column":4},"end":{"line":338,"column":51}},"77":{"start":{"line":351,"column":18},"end":{"line":401,"column":1}},"78":{"start":{"line":352,"column":2},"end":{"line":400,"column":3}},"79":{"start":{"line":354,"column":19},"end":{"line":354,"column":29}},"80":{"start":{"line":357,"column":17},"end":{"line":360,"column":6}},"81":{"start":{"line":363,"column":4},"end":{"line":365,"column":5}},"82":{"start":{"line":364,"column":6},"end":{"line":364,"column":63}},"83":{"start":{"line":368,"column":24},"end":{"line":371,"column":6}},"84":{"start":{"line":374,"column":4},"end":{"line":376,"column":5}},"85":{"start":{"line":375,"column":6},"end":{"line":375,"column":73}},"86":{"start":{"line":379,"column":4},"end":{"line":383,"column":5}},"87":{"start":{"line":380,"column":6},"end":{"line":382,"column":9}},"88":{"start":{"line":386,"column":4},"end":{"line":388,"column":6}},"89":{"start":{"line":387,"column":13},"end":{"line":387,"column":56}},"90":{"start":{"line":390,"column":4},"end":{"line":390,"column":22}},"91":{"start":{"line":393,"column":4},"end":{"line":393,"column":57}},"92":{"start":{"line":396,"column":4},"end":{"line":396,"column":67}},"93":{"start":{"line":399,"column":4},"end":{"line":399,"column":51}},"94":{"start":{"line":412,"column":26},"end":{"line":530,"column":1}},"95":{"start":{"line":413,"column":2},"end":{"line":529,"column":3}},"96":{"start":{"line":415,"column":35},"end":{"line":415,"column":45}},"97":{"start":{"line":417,"column":23},"end":{"line":417,"column":31}},"98":{"start":{"line":420,"column":22},"end":{"line":423,"column":6}},"99":{"start":{"line":426,"column":4},"end":{"line":428,"column":5}},"100":{"start":{"line":427,"column":6},"end":{"line":427,"column":73}},"101":{"start":{"line":431,"column":30},"end":{"line":434,"column":6}},"102":{"start":{"line":437,"column":4},"end":{"line":439,"column":5}},"103":{"start":{"line":438,"column":6},"end":{"line":438,"column":70}},"104":{"start":{"line":442,"column":4},"end":{"line":444,"column":5}},"105":{"start":{"line":443,"column":6},"end":{"line":443,"column":82}},"106":{"start":{"line":447,"column":4},"end":{"line":525,"column":5}},"107":{"start":{"line":450,"column":8},"end":{"line":452,"column":9}},"108":{"start":{"line":451,"column":10},"end":{"line":451,"column":80}},"109":{"start":{"line":454,"column":8},"end":{"line":456,"column":9}},"110":{"start":{"line":455,"column":10},"end":{"line":455,"column":90}},"111":{"start":{"line":458,"column":8},"end":{"line":458,"column":45}},"112":{"start":{"line":460,"column":8},"end":{"line":460,"column":39}},"113":{"start":{"line":462,"column":8},"end":{"line":462,"column":82}},"114":{"start":{"line":463,"column":8},"end":{"line":463,"column":14}},"115":{"start":{"line":467,"column":8},"end":{"line":469,"column":9}},"116":{"start":{"line":468,"column":10},"end":{"line":468,"column":79}},"117":{"start":{"line":471,"column":8},"end":{"line":473,"column":9}},"118":{"start":{"line":472,"column":10},"end":{"line":472,"column":79}},"119":{"start":{"line":475,"column":8},"end":{"line":475,"column":47}},"120":{"start":{"line":477,"column":8},"end":{"line":477,"column":39}},"121":{"start":{"line":479,"column":8},"end":{"line":479,"column":81}},"122":{"start":{"line":480,"column":8},"end":{"line":480,"column":14}},"123":{"start":{"line":484,"column":8},"end":{"line":486,"column":9}},"124":{"start":{"line":485,"column":10},"end":{"line":485,"column":75}},"125":{"start":{"line":488,"column":8},"end":{"line":490,"column":9}},"126":{"start":{"line":489,"column":10},"end":{"line":489,"column":90}},"127":{"start":{"line":492,"column":21},"end":{"line":492,"column":48}},"128":{"start":{"line":494,"column":8},"end":{"line":496,"column":10}},"129":{"start":{"line":495,"column":17},"end":{"line":495,"column":66}},"130":{"start":{"line":498,"column":8},"end":{"line":498,"column":26}},"131":{"start":{"line":500,"column":8},"end":{"line":500,"column":67}},"132":{"start":{"line":502,"column":8},"end":{"line":502,"column":67}},"133":{"start":{"line":503,"column":8},"end":{"line":503,"column":14}},"134":{"start":{"line":507,"column":8},"end":{"line":509,"column":9}},"135":{"start":{"line":508,"column":10},"end":{"line":508,"column":74}},"136":{"start":{"line":511,"column":8},"end":{"line":513,"column":9}},"137":{"start":{"line":512,"column":10},"end":{"line":512,"column":89}},"138":{"start":{"line":515,"column":8},"end":{"line":515,"column":42}},"139":{"start":{"line":517,"column":8},"end":{"line":517,"column":39}},"140":{"start":{"line":519,"column":8},"end":{"line":519,"column":67}},"141":{"start":{"line":520,"column":8},"end":{"line":520,"column":14}},"142":{"start":{"line":524,"column":8},"end":{"line":524,"column":58}},"143":{"start":{"line":528,"column":4},"end":{"line":528,"column":51}},"144":{"start":{"line":541,"column":21},"end":{"line":603,"column":1}},"145":{"start":{"line":542,"column":2},"end":{"line":602,"column":3}},"146":{"start":{"line":544,"column":19},"end":{"line":544,"column":29}},"147":{"start":{"line":547,"column":16},"end":{"line":547,"column":34}},"148":{"start":{"line":550,"column":4},"end":{"line":555,"column":5}},"149":{"start":{"line":551,"column":6},"end":{"line":551,"column":50}},"150":{"start":{"line":554,"column":6},"end":{"line":554,"column":26}},"151":{"start":{"line":558,"column":17},"end":{"line":558,"column":72}},"152":{"start":{"line":561,"column":4},"end":{"line":563,"column":5}},"153":{"start":{"line":562,"column":6},"end":{"line":562,"column":63}},"154":{"start":{"line":566,"column":26},"end":{"line":569,"column":6}},"155":{"start":{"line":572,"column":21},"end":{"line":576,"column":6}},"156":{"start":{"line":579,"column":4},"end":{"line":581,"column":5}},"157":{"start":{"line":580,"column":6},"end":{"line":580,"column":84}},"158":{"start":{"line":584,"column":4},"end":{"line":598,"column":7}},"159":{"start":{"line":601,"column":4},"end":{"line":601,"column":51}},"160":{"start":{"line":614,"column":20},"end":{"line":734,"column":1}},"161":{"start":{"line":615,"column":2},"end":{"line":733,"column":3}},"162":{"start":{"line":617,"column":27},"end":{"line":617,"column":37}},"163":{"start":{"line":618,"column":24},"end":{"line":618,"column":32}},"164":{"start":{"line":621,"column":4},"end":{"line":626,"column":5}},"165":{"start":{"line":622,"column":6},"end":{"line":625,"column":9}},"166":{"start":{"line":629,"column":17},"end":{"line":632,"column":6}},"167":{"start":{"line":635,"column":4},"end":{"line":640,"column":5}},"168":{"start":{"line":636,"column":6},"end":{"line":639,"column":9}},"169":{"start":{"line":643,"column":22},"end":{"line":646,"column":6}},"170":{"start":{"line":649,"column":4},"end":{"line":654,"column":5}},"171":{"start":{"line":650,"column":6},"end":{"line":653,"column":9}},"172":{"start":{"line":657,"column":25},"end":{"line":659,"column":6}},"173":{"start":{"line":662,"column":4},"end":{"line":667,"column":5}},"174":{"start":{"line":663,"column":6},"end":{"line":666,"column":9}},"175":{"start":{"line":670,"column":24},"end":{"line":670,"column":26}},"176":{"start":{"line":671,"column":20},"end":{"line":671,"column":55}},"177":{"start":{"line":674,"column":4},"end":{"line":718,"column":5}},"178":{"start":{"line":675,"column":6},"end":{"line":717,"column":7}},"179":{"start":{"line":677,"column":36},"end":{"line":680,"column":10}},"180":{"start":{"line":682,"column":8},"end":{"line":685,"column":9}},"181":{"start":{"line":683,"column":10},"end":{"line":683,"column":28}},"182":{"start":{"line":684,"column":10},"end":{"line":684,"column":19}},"183":{"start":{"line":688,"column":35},"end":{"line":692,"column":10}},"184":{"start":{"line":694,"column":8},"end":{"line":697,"column":9}},"185":{"start":{"line":695,"column":10},"end":{"line":695,"column":28}},"186":{"start":{"line":696,"column":10},"end":{"line":696,"column":19}},"187":{"start":{"line":700,"column":27},"end":{"line":706,"column":10}},"188":{"start":{"line":709,"column":8},"end":{"line":709,"column":32}},"189":{"start":{"line":711,"column":8},"end":{"line":711,"column":37}},"190":{"start":{"line":713,"column":8},"end":{"line":713,"column":23}},"191":{"start":{"line":716,"column":8},"end":{"line":716,"column":62}},"192":{"start":{"line":721,"column":4},"end":{"line":726,"column":7}},"193":{"start":{"line":729,"column":4},"end":{"line":732,"column":7}},"194":{"start":{"line":745,"column":22},"end":{"line":953,"column":1}},"195":{"start":{"line":746,"column":2},"end":{"line":952,"column":3}},"196":{"start":{"line":748,"column":27},"end":{"line":748,"column":37}},"197":{"start":{"line":749,"column":31},"end":{"line":749,"column":40}},"198":{"start":{"line":752,"column":17},"end":{"line":755,"column":6}},"199":{"start":{"line":758,"column":4},"end":{"line":763,"column":5}},"200":{"start":{"line":759,"column":6},"end":{"line":762,"column":9}},"201":{"start":{"line":766,"column":24},"end":{"line":769,"column":6}},"202":{"start":{"line":772,"column":4},"end":{"line":777,"column":5}},"203":{"start":{"line":773,"column":6},"end":{"line":776,"column":9}},"204":{"start":{"line":780,"column":18},"end":{"line":780,"column":22}},"205":{"start":{"line":781,"column":19},"end":{"line":781,"column":22}},"206":{"start":{"line":783,"column":19},"end":{"line":783,"column":46}},"207":{"start":{"line":785,"column":16},"end":{"line":785,"column":39}},"208":{"start":{"line":788,"column":4},"end":{"line":788,"column":30}},"209":{"start":{"line":789,"column":4},"end":{"line":789,"column":38}},"210":{"start":{"line":792,"column":26},"end":{"line":911,"column":5}},"211":{"start":{"line":794,"column":6},"end":{"line":794,"column":45}},"212":{"start":{"line":797,"column":6},"end":{"line":907,"column":7}},"213":{"start":{"line":801,"column":10},"end":{"line":813,"column":11}},"214":{"start":{"line":802,"column":12},"end":{"line":802,"column":44}},"215":{"start":{"line":803,"column":12},"end":{"line":803,"column":48}},"216":{"start":{"line":804,"column":12},"end":{"line":804,"column":34}},"217":{"start":{"line":805,"column":12},"end":{"line":805,"column":35}},"218":{"start":{"line":807,"column":12},"end":{"line":807,"column":28}},"219":{"start":{"line":808,"column":12},"end":{"line":808,"column":65}},"220":{"start":{"line":809,"column":12},"end":{"line":811,"column":13}},"221":{"start":{"line":809,"column":25},"end":{"line":809,"column":26}},"222":{"start":{"line":810,"column":14},"end":{"line":810,"column":67}},"223":{"start":{"line":812,"column":12},"end":{"line":812,"column":25}},"224":{"start":{"line":814,"column":10},"end":{"line":814,"column":16}},"225":{"start":{"line":818,"column":10},"end":{"line":834,"column":11}},"226":{"start":{"line":819,"column":12},"end":{"line":824,"column":14}},"227":{"start":{"line":826,"column":12},"end":{"line":833,"column":13}},"228":{"start":{"line":826,"column":25},"end":{"line":826,"column":26}},"229":{"start":{"line":827,"column":14},"end":{"line":832,"column":16}},"230":{"start":{"line":835,"column":10},"end":{"line":835,"column":16}},"231":{"start":{"line":839,"column":10},"end":{"line":839,"column":42}},"232":{"start":{"line":840,"column":10},"end":{"line":840,"column":46}},"233":{"start":{"line":841,"column":10},"end":{"line":841,"column":78}},"234":{"start":{"line":842,"column":10},"end":{"line":842,"column":16}},"235":{"start":{"line":846,"column":10},"end":{"line":846,"column":42}},"236":{"start":{"line":847,"column":10},"end":{"line":847,"column":46}},"237":{"start":{"line":849,"column":25},"end":{"line":851,"column":11}},"238":{"start":{"line":852,"column":10},"end":{"line":852,"column":26}},"239":{"start":{"line":853,"column":10},"end":{"line":859,"column":12}},"240":{"start":{"line":860,"column":10},"end":{"line":860,"column":23}},"241":{"start":{"line":861,"column":10},"end":{"line":861,"column":16}},"242":{"start":{"line":865,"column":10},"end":{"line":898,"column":11}},"243":{"start":{"line":866,"column":12},"end":{"line":866,"column":44}},"244":{"start":{"line":867,"column":12},"end":{"line":867,"column":48}},"245":{"start":{"line":868,"column":12},"end":{"line":868,"column":34}},"246":{"start":{"line":869,"column":12},"end":{"line":869,"column":35}},"247":{"start":{"line":871,"column":26},"end":{"line":871,"column":43}},"248":{"start":{"line":872,"column":24},"end":{"line":872,"column":65}},"249":{"start":{"line":875,"column":12},"end":{"line":875,"column":28}},"250":{"start":{"line":876,"column":12},"end":{"line":876,"column":41}},"251":{"start":{"line":877,"column":12},"end":{"line":877,"column":37}},"252":{"start":{"line":878,"column":12},"end":{"line":878,"column":25}},"253":{"start":{"line":881,"column":26},"end":{"line":881,"column":70}},"254":{"start":{"line":883,"column":30},"end":{"line":883,"column":53}},"255":{"start":{"line":886,"column":12},"end":{"line":886,"column":28}},"256":{"start":{"line":887,"column":12},"end":{"line":887,"column":37}},"257":{"start":{"line":888,"column":12},"end":{"line":891,"column":14}},"258":{"start":{"line":892,"column":12},"end":{"line":892,"column":37}},"259":{"start":{"line":893,"column":12},"end":{"line":896,"column":14}},"260":{"start":{"line":897,"column":12},"end":{"line":897,"column":25}},"261":{"start":{"line":899,"column":10},"end":{"line":899,"column":16}},"262":{"start":{"line":903,"column":10},"end":{"line":903,"column":40}},"263":{"start":{"line":904,"column":10},"end":{"line":904,"column":58}},"264":{"start":{"line":905,"column":10},"end":{"line":905,"column":69}},"265":{"start":{"line":906,"column":10},"end":{"line":906,"column":16}},"266":{"start":{"line":910,"column":6},"end":{"line":910,"column":26}},"267":{"start":{"line":914,"column":4},"end":{"line":923,"column":5}},"268":{"start":{"line":915,"column":6},"end":{"line":922,"column":7}},"269":{"start":{"line":916,"column":8},"end":{"line":921,"column":9}},"270":{"start":{"line":917,"column":10},"end":{"line":917,"column":33}},"271":{"start":{"line":920,"column":10},"end":{"line":920,"column":57}},"272":{"start":{"line":928,"column":21},"end":{"line":928,"column":70}},"273":{"start":{"line":931,"column":4},"end":{"line":940,"column":5}},"274":{"start":{"line":932,"column":6},"end":{"line":932,"column":64}},"275":{"start":{"line":933,"column":6},"end":{"line":933,"column":50}},"276":{"start":{"line":934,"column":6},"end":{"line":934,"column":85}},"277":{"start":{"line":937,"column":6},"end":{"line":937,"column":44}},"278":{"start":{"line":938,"column":6},"end":{"line":938,"column":49}},"279":{"start":{"line":939,"column":6},"end":{"line":939,"column":85}},"280":{"start":{"line":943,"column":4},"end":{"line":943,"column":21}},"281":{"start":{"line":946,"column":4},"end":{"line":946,"column":42}},"282":{"start":{"line":947,"column":4},"end":{"line":951,"column":7}},"283":{"start":{"line":956,"column":0},"end":{"line":968,"column":2}}},"fnMap":{"0":{"name":"(anonymous_0)","decl":{"start":{"line":29,"column":19},"end":{"line":29,"column":20}},"loc":{"start":{"line":29,"column":39},"end":{"line":87,"column":1}},"line":29},"1":{"name":"(anonymous_1)","decl":{"start":{"line":98,"column":17},"end":{"line":98,"column":18}},"loc":{"start":{"line":98,"column":37},"end":{"line":168,"column":1}},"line":98},"2":{"name":"(anonymous_2)","decl":{"start":{"line":179,"column":23},"end":{"line":179,"column":24}},"loc":{"start":{"line":179,"column":43},"end":{"line":223,"column":1}},"line":179},"3":{"name":"(anonymous_3)","decl":{"start":{"line":234,"column":19},"end":{"line":234,"column":20}},"loc":{"start":{"line":234,"column":39},"end":{"line":263,"column":1}},"line":234},"4":{"name":"(anonymous_4)","decl":{"start":{"line":243,"column":54},"end":{"line":243,"column":55}},"loc":{"start":{"line":243,"column":61},"end":{"line":243,"column":67}},"line":243},"5":{"name":"(anonymous_5)","decl":{"start":{"line":274,"column":19},"end":{"line":274,"column":20}},"loc":{"start":{"line":274,"column":39},"end":{"line":304,"column":1}},"line":274},"6":{"name":"(anonymous_6)","decl":{"start":{"line":315,"column":19},"end":{"line":315,"column":20}},"loc":{"start":{"line":315,"column":39},"end":{"line":340,"column":1}},"line":315},"7":{"name":"(anonymous_7)","decl":{"start":{"line":351,"column":18},"end":{"line":351,"column":19}},"loc":{"start":{"line":351,"column":38},"end":{"line":401,"column":1}},"line":351},"8":{"name":"(anonymous_8)","decl":{"start":{"line":387,"column":6},"end":{"line":387,"column":7}},"loc":{"start":{"line":387,"column":13},"end":{"line":387,"column":56}},"line":387},"9":{"name":"(anonymous_9)","decl":{"start":{"line":412,"column":26},"end":{"line":412,"column":27}},"loc":{"start":{"line":412,"column":46},"end":{"line":530,"column":1}},"line":412},"10":{"name":"(anonymous_10)","decl":{"start":{"line":495,"column":10},"end":{"line":495,"column":11}},"loc":{"start":{"line":495,"column":17},"end":{"line":495,"column":66}},"line":495},"11":{"name":"(anonymous_11)","decl":{"start":{"line":541,"column":21},"end":{"line":541,"column":22}},"loc":{"start":{"line":541,"column":41},"end":{"line":603,"column":1}},"line":541},"12":{"name":"(anonymous_12)","decl":{"start":{"line":614,"column":20},"end":{"line":614,"column":21}},"loc":{"start":{"line":614,"column":40},"end":{"line":734,"column":1}},"line":614},"13":{"name":"(anonymous_13)","decl":{"start":{"line":745,"column":22},"end":{"line":745,"column":23}},"loc":{"start":{"line":745,"column":42},"end":{"line":953,"column":1}},"line":745},"14":{"name":"(anonymous_14)","decl":{"start":{"line":792,"column":26},"end":{"line":792,"column":27}},"loc":{"start":{"line":792,"column":39},"end":{"line":911,"column":5}},"line":792}},"branchMap":{"0":{"loc":{"start":{"line":110,"column":4},"end":{"line":112,"column":5}},"type":"if","locations":[{"start":{"line":110,"column":4},"end":{"line":112,"column":5}},{"start":{},"end":{}}],"line":110},"1":{"loc":{"start":{"line":115,"column":4},"end":{"line":122,"column":5}},"type":"if","locations":[{"start":{"line":115,"column":4},"end":{"line":122,"column":5}},{"start":{},"end":{}}],"line":115},"2":{"loc":{"start":{"line":115,"column":8},"end":{"line":115,"column":54}},"type":"binary-expr","locations":[{"start":{"line":115,"column":8},"end":{"line":115,"column":37}},{"start":{"line":115,"column":41},"end":{"line":115,"column":54}}],"line":115},"3":{"loc":{"start":{"line":117,"column":57},"end":{"line":117,"column":71}},"type":"binary-expr","locations":[{"start":{"line":117,"column":57},"end":{"line":117,"column":65}},{"start":{"line":117,"column":69},"end":{"line":117,"column":71}}],"line":117},"4":{"loc":{"start":{"line":119,"column":6},"end":{"line":121,"column":7}},"type":"if","locations":[{"start":{"line":119,"column":6},"end":{"line":121,"column":7}},{"start":{},"end":{}}],"line":119},"5":{"loc":{"start":{"line":131,"column":4},"end":{"line":136,"column":5}},"type":"if","locations":[{"start":{"line":131,"column":4},"end":{"line":136,"column":5}},{"start":{},"end":{}}],"line":131},"6":{"loc":{"start":{"line":182,"column":20},"end":{"line":182,"column":28}},"type":"default-arg","locations":[{"start":{"line":182,"column":27},"end":{"line":182,"column":28}}],"line":182},"7":{"loc":{"start":{"line":182,"column":30},"end":{"line":182,"column":40}},"type":"default-arg","locations":[{"start":{"line":182,"column":38},"end":{"line":182,"column":40}}],"line":182},"8":{"loc":{"start":{"line":190,"column":4},"end":{"line":192,"column":5}},"type":"if","locations":[{"start":{"line":190,"column":4},"end":{"line":192,"column":5}},{"start":{},"end":{}}],"line":190},"9":{"loc":{"start":{"line":287,"column":4},"end":{"line":291,"column":5}},"type":"if","locations":[{"start":{"line":287,"column":4},"end":{"line":291,"column":5}},{"start":{},"end":{}}],"line":287},"10":{"loc":{"start":{"line":328,"column":4},"end":{"line":332,"column":5}},"type":"if","locations":[{"start":{"line":328,"column":4},"end":{"line":332,"column":5}},{"start":{},"end":{}}],"line":328},"11":{"loc":{"start":{"line":363,"column":4},"end":{"line":365,"column":5}},"type":"if","locations":[{"start":{"line":363,"column":4},"end":{"line":365,"column":5}},{"start":{},"end":{}}],"line":363},"12":{"loc":{"start":{"line":374,"column":4},"end":{"line":376,"column":5}},"type":"if","locations":[{"start":{"line":374,"column":4},"end":{"line":376,"column":5}},{"start":{},"end":{}}],"line":374},"13":{"loc":{"start":{"line":379,"column":4},"end":{"line":383,"column":5}},"type":"if","locations":[{"start":{"line":379,"column":4},"end":{"line":383,"column":5}},{"start":{},"end":{}}],"line":379},"14":{"loc":{"start":{"line":426,"column":4},"end":{"line":428,"column":5}},"type":"if","locations":[{"start":{"line":426,"column":4},"end":{"line":428,"column":5}},{"start":{},"end":{}}],"line":426},"15":{"loc":{"start":{"line":437,"column":4},"end":{"line":439,"column":5}},"type":"if","locations":[{"start":{"line":437,"column":4},"end":{"line":439,"column":5}},{"start":{},"end":{}}],"line":437},"16":{"loc":{"start":{"line":442,"column":4},"end":{"line":444,"column":5}},"type":"if","locations":[{"start":{"line":442,"column":4},"end":{"line":444,"column":5}},{"start":{},"end":{}}],"line":442},"17":{"loc":{"start":{"line":447,"column":4},"end":{"line":525,"column":5}},"type":"switch","locations":[{"start":{"line":448,"column":6},"end":{"line":463,"column":14}},{"start":{"line":465,"column":6},"end":{"line":480,"column":14}},{"start":{"line":482,"column":6},"end":{"line":503,"column":14}},{"start":{"line":505,"column":6},"end":{"line":520,"column":14}},{"start":{"line":522,"column":6},"end":{"line":524,"column":58}}],"line":447},"18":{"loc":{"start":{"line":450,"column":8},"end":{"line":452,"column":9}},"type":"if","locations":[{"start":{"line":450,"column":8},"end":{"line":452,"column":9}},{"start":{},"end":{}}],"line":450},"19":{"loc":{"start":{"line":454,"column":8},"end":{"line":456,"column":9}},"type":"if","locations":[{"start":{"line":454,"column":8},"end":{"line":456,"column":9}},{"start":{},"end":{}}],"line":454},"20":{"loc":{"start":{"line":467,"column":8},"end":{"line":469,"column":9}},"type":"if","locations":[{"start":{"line":467,"column":8},"end":{"line":469,"column":9}},{"start":{},"end":{}}],"line":467},"21":{"loc":{"start":{"line":471,"column":8},"end":{"line":473,"column":9}},"type":"if","locations":[{"start":{"line":471,"column":8},"end":{"line":473,"column":9}},{"start":{},"end":{}}],"line":471},"22":{"loc":{"start":{"line":484,"column":8},"end":{"line":486,"column":9}},"type":"if","locations":[{"start":{"line":484,"column":8},"end":{"line":486,"column":9}},{"start":{},"end":{}}],"line":484},"23":{"loc":{"start":{"line":488,"column":8},"end":{"line":490,"column":9}},"type":"if","locations":[{"start":{"line":488,"column":8},"end":{"line":490,"column":9}},{"start":{},"end":{}}],"line":488},"24":{"loc":{"start":{"line":488,"column":12},"end":{"line":488,"column":86}},"type":"binary-expr","locations":[{"start":{"line":488,"column":12},"end":{"line":488,"column":42}},{"start":{"line":488,"column":46},"end":{"line":488,"column":86}}],"line":488},"25":{"loc":{"start":{"line":507,"column":8},"end":{"line":509,"column":9}},"type":"if","locations":[{"start":{"line":507,"column":8},"end":{"line":509,"column":9}},{"start":{},"end":{}}],"line":507},"26":{"loc":{"start":{"line":511,"column":8},"end":{"line":513,"column":9}},"type":"if","locations":[{"start":{"line":511,"column":8},"end":{"line":513,"column":9}},{"start":{},"end":{}}],"line":511},"27":{"loc":{"start":{"line":511,"column":12},"end":{"line":511,"column":86}},"type":"binary-expr","locations":[{"start":{"line":511,"column":12},"end":{"line":511,"column":42}},{"start":{"line":511,"column":46},"end":{"line":511,"column":86}}],"line":511},"28":{"loc":{"start":{"line":550,"column":4},"end":{"line":555,"column":5}},"type":"if","locations":[{"start":{"line":550,"column":4},"end":{"line":555,"column":5}},{"start":{"line":552,"column":11},"end":{"line":555,"column":5}}],"line":550},"29":{"loc":{"start":{"line":561,"column":4},"end":{"line":563,"column":5}},"type":"if","locations":[{"start":{"line":561,"column":4},"end":{"line":563,"column":5}},{"start":{},"end":{}}],"line":561},"30":{"loc":{"start":{"line":579,"column":4},"end":{"line":581,"column":5}},"type":"if","locations":[{"start":{"line":579,"column":4},"end":{"line":581,"column":5}},{"start":{},"end":{}}],"line":579},"31":{"loc":{"start":{"line":592,"column":26},"end":{"line":592,"column":74}},"type":"binary-expr","locations":[{"start":{"line":592,"column":26},"end":{"line":592,"column":55}},{"start":{"line":592,"column":59},"end":{"line":592,"column":74}}],"line":592},"32":{"loc":{"start":{"line":621,"column":4},"end":{"line":626,"column":5}},"type":"if","locations":[{"start":{"line":621,"column":4},"end":{"line":626,"column":5}},{"start":{},"end":{}}],"line":621},"33":{"loc":{"start":{"line":621,"column":8},"end":{"line":621,"column":67}},"type":"binary-expr","locations":[{"start":{"line":621,"column":8},"end":{"line":621,"column":16}},{"start":{"line":621,"column":20},"end":{"line":621,"column":43}},{"start":{"line":621,"column":47},"end":{"line":621,"column":67}}],"line":621},"34":{"loc":{"start":{"line":635,"column":4},"end":{"line":640,"column":5}},"type":"if","locations":[{"start":{"line":635,"column":4},"end":{"line":640,"column":5}},{"start":{},"end":{}}],"line":635},"35":{"loc":{"start":{"line":649,"column":4},"end":{"line":654,"column":5}},"type":"if","locations":[{"start":{"line":649,"column":4},"end":{"line":654,"column":5}},{"start":{},"end":{}}],"line":649},"36":{"loc":{"start":{"line":649,"column":8},"end":{"line":649,"column":70}},"type":"binary-expr","locations":[{"start":{"line":649,"column":8},"end":{"line":649,"column":18}},{"start":{"line":649,"column":22},"end":{"line":649,"column":70}}],"line":649},"37":{"loc":{"start":{"line":662,"column":4},"end":{"line":667,"column":5}},"type":"if","locations":[{"start":{"line":662,"column":4},"end":{"line":667,"column":5}},{"start":{},"end":{}}],"line":662},"38":{"loc":{"start":{"line":682,"column":8},"end":{"line":685,"column":9}},"type":"if","locations":[{"start":{"line":682,"column":8},"end":{"line":685,"column":9}},{"start":{},"end":{}}],"line":682},"39":{"loc":{"start":{"line":694,"column":8},"end":{"line":697,"column":9}},"type":"if","locations":[{"start":{"line":694,"column":8},"end":{"line":697,"column":9}},{"start":{},"end":{}}],"line":694},"40":{"loc":{"start":{"line":749,"column":12},"end":{"line":749,"column":26}},"type":"default-arg","locations":[{"start":{"line":749,"column":21},"end":{"line":749,"column":26}}],"line":749},"41":{"loc":{"start":{"line":758,"column":4},"end":{"line":763,"column":5}},"type":"if","locations":[{"start":{"line":758,"column":4},"end":{"line":763,"column":5}},{"start":{},"end":{}}],"line":758},"42":{"loc":{"start":{"line":772,"column":4},"end":{"line":777,"column":5}},"type":"if","locations":[{"start":{"line":772,"column":4},"end":{"line":777,"column":5}},{"start":{},"end":{}}],"line":772},"43":{"loc":{"start":{"line":794,"column":24},"end":{"line":794,"column":44}},"type":"binary-expr","locations":[{"start":{"line":794,"column":24},"end":{"line":794,"column":39}},{"start":{"line":794,"column":43},"end":{"line":794,"column":44}}],"line":794},"44":{"loc":{"start":{"line":797,"column":6},"end":{"line":907,"column":7}},"type":"switch","locations":[{"start":{"line":798,"column":8},"end":{"line":798,"column":22}},{"start":{"line":799,"column":8},"end":{"line":814,"column":16}},{"start":{"line":816,"column":8},"end":{"line":835,"column":16}},{"start":{"line":837,"column":8},"end":{"line":842,"column":16}},{"start":{"line":844,"column":8},"end":{"line":861,"column":16}},{"start":{"line":863,"column":8},"end":{"line":899,"column":16}},{"start":{"line":901,"column":8},"end":{"line":906,"column":16}}],"line":797},"45":{"loc":{"start":{"line":801,"column":10},"end":{"line":813,"column":11}},"type":"if","locations":[{"start":{"line":801,"column":10},"end":{"line":813,"column":11}},{"start":{},"end":{}}],"line":801},"46":{"loc":{"start":{"line":801,"column":14},"end":{"line":801,"column":57}},"type":"binary-expr","locations":[{"start":{"line":801,"column":14},"end":{"line":801,"column":28}},{"start":{"line":801,"column":32},"end":{"line":801,"column":57}}],"line":801},"47":{"loc":{"start":{"line":818,"column":10},"end":{"line":834,"column":11}},"type":"if","locations":[{"start":{"line":818,"column":10},"end":{"line":834,"column":11}},{"start":{},"end":{}}],"line":818},"48":{"loc":{"start":{"line":818,"column":14},"end":{"line":818,"column":57}},"type":"binary-expr","locations":[{"start":{"line":818,"column":14},"end":{"line":818,"column":28}},{"start":{"line":818,"column":32},"end":{"line":818,"column":57}}],"line":818},"49":{"loc":{"start":{"line":865,"column":10},"end":{"line":898,"column":11}},"type":"if","locations":[{"start":{"line":865,"column":10},"end":{"line":898,"column":11}},{"start":{},"end":{}}],"line":865},"50":{"loc":{"start":{"line":865,"column":14},"end":{"line":865,"column":58}},"type":"binary-expr","locations":[{"start":{"line":865,"column":14},"end":{"line":865,"column":28}},{"start":{"line":865,"column":32},"end":{"line":865,"column":58}}],"line":865},"51":{"loc":{"start":{"line":905,"column":23},"end":{"line":905,"column":45}},"type":"binary-expr","locations":[{"start":{"line":905,"column":23},"end":{"line":905,"column":35}},{"start":{"line":905,"column":39},"end":{"line":905,"column":45}}],"line":905},"52":{"loc":{"start":{"line":914,"column":4},"end":{"line":923,"column":5}},"type":"if","locations":[{"start":{"line":914,"column":4},"end":{"line":923,"column":5}},{"start":{},"end":{}}],"line":914},"53":{"loc":{"start":{"line":914,"column":8},"end":{"line":914,"column":59}},"type":"binary-expr","locations":[{"start":{"line":914,"column":8},"end":{"line":914,"column":24}},{"start":{"line":914,"column":28},"end":{"line":914,"column":59}}],"line":914},"54":{"loc":{"start":{"line":931,"column":4},"end":{"line":940,"column":5}},"type":"if","locations":[{"start":{"line":931,"column":4},"end":{"line":940,"column":5}},{"start":{"line":935,"column":11},"end":{"line":940,"column":5}}],"line":931},"55":{"loc":{"start":{"line":931,"column":8},"end":{"line":931,"column":45}},"type":"binary-expr","locations":[{"start":{"line":931,"column":8},"end":{"line":931,"column":25}},{"start":{"line":931,"column":29},"end":{"line":931,"column":45}}],"line":931}},"s":{"0":1,"1":1,"2":1,"3":1,"4":1,"5":1,"6":1,"7":1,"8":3,"9":3,"10":3,"11":4,"12":4,"13":3,"14":3,"15":2,"16":2,"17":2,"18":2,"19":2,"20":1,"21":1,"22":4,"23":4,"24":4,"25":4,"26":1,"27":3,"28":1,"29":1,"30":1,"31":2,"32":2,"33":1,"34":1,"35":1,"36":1,"37":1,"38":1,"39":0,"40":1,"41":2,"42":2,"43":2,"44":2,"45":1,"46":2,"47":2,"48":2,"49":0,"50":1,"51":1,"52":1,"53":1,"54":2,"55":1,"56":1,"57":0,"58":1,"59":2,"60":2,"61":2,"62":2,"63":2,"64":1,"65":1,"66":1,"67":1,"68":0,"69":1,"70":2,"71":2,"72":2,"73":2,"74":1,"75":1,"76":0,"77":1,"78":4,"79":4,"80":4,"81":4,"82":1,"83":3,"84":3,"85":1,"86":2,"87":1,"88":1,"89":1,"90":1,"91":1,"92":1,"93":0,"94":1,"95":8,"96":8,"97":8,"98":8,"99":8,"100":1,"101":7,"102":7,"103":1,"104":6,"105":1,"106":5,"107":2,"108":1,"109":1,"110":0,"111":1,"112":1,"113":1,"114":1,"115":1,"116":0,"117":1,"118":0,"119":1,"120":1,"121":1,"122":1,"123":0,"124":0,"125":0,"126":0,"127":0,"128":0,"129":0,"130":0,"131":0,"132":0,"133":0,"134":1,"135":0,"136":1,"137":0,"138":1,"139":1,"140":1,"141":1,"142":1,"143":0,"144":1,"145":3,"146":3,"147":3,"148":3,"149":1,"150":2,"151":3,"152":3,"153":1,"154":2,"155":2,"156":2,"157":1,"158":1,"159":0,"160":1,"161":4,"162":4,"163":4,"164":4,"165":1,"166":3,"167":3,"168":1,"169":2,"170":2,"171":1,"172":1,"173":1,"174":0,"175":1,"176":1,"177":1,"178":1,"179":1,"180":1,"181":0,"182":0,"183":1,"184":1,"185":0,"186":0,"187":1,"188":1,"189":1,"190":1,"191":0,"192":1,"193":0,"194":1,"195":4,"196":4,"197":4,"198":4,"199":4,"200":1,"201":3,"202":3,"203":1,"204":2,"205":2,"206":2,"207":2,"208":2,"209":2,"210":2,"211":0,"212":0,"213":0,"214":0,"215":0,"216":0,"217":0,"218":0,"219":0,"220":0,"221":0,"222":0,"223":0,"224":0,"225":0,"226":0,"227":0,"228":0,"229":0,"230":0,"231":0,"232":0,"233":0,"234":0,"235":0,"236":0,"237":0,"238":0,"239":0,"240":0,"241":0,"242":0,"243":0,"244":0,"245":0,"246":0,"247":0,"248":0,"249":0,"250":0,"251":0,"252":0,"253":0,"254":0,"255":0,"256":0,"257":0,"258":0,"259":0,"260":0,"261":0,"262":0,"263":0,"264":0,"265":0,"266":0,"267":2,"268":2,"269":0,"270":0,"271":0,"272":2,"273":2,"274":1,"275":1,"276":1,"277":1,"278":1,"279":1,"280":2,"281":0,"282":0,"283":1},"f":{"0":3,"1":4,"2":2,"3":1,"4":2,"5":2,"6":2,"7":4,"8":1,"9":8,"10":0,"11":3,"12":4,"13":4,"14":0},"b":{"0":[1,3],"1":[1,2],"2":[3,1],"3":[1,0],"4":[1,0],"5":[1,1],"6":[0],"7":[0],"8":[1,1],"9":[1,1],"10":[1,1],"11":[1,3],"12":[1,2],"13":[1,1],"14":[1,7],"15":[1,6],"16":[1,5],"17":[2,1,0,1,1],"18":[1,1],"19":[0,1],"20":[0,1],"21":[0,1],"22":[0,0],"23":[0,0],"24":[0,0],"25":[0,1],"26":[0,1],"27":[1,0],"28":[1,2],"29":[1,2],"30":[1,1],"31":[1,0],"32":[1,3],"33":[4,4,4],"34":[1,2],"35":[1,1],"36":[2,2],"37":[0,1],"38":[0,1],"39":[0,1],"40":[1],"41":[1,3],"42":[1,2],"43":[0,0],"44":[0,0,0,0,0,0,0],"45":[0,0],"46":[0,0],"47":[0,0],"48":[0,0],"49":[0,0],"50":[0,0],"51":[0,0],"52":[2,0],"53":[2,2],"54":[1,1],"55":[2,1]},"_coverageSchema":"1a1c01bbd47fc00a2c39e90264f33305004495a9","hash":"268cf23e627c48ec9540feba95e14d39e92a8e10"}
,"C:\\Users\\sisth\\OneDrive\\Desktop\\softwaresis\\CollabCanvas\\backend\\middleware\\authh.js": {"path":"C:\\Users\\sisth\\OneDrive\\Desktop\\softwaresis\\CollabCanvas\\backend\\middleware\\authh.js","statementMap":{"0":{"start":{"line":6,"column":12},"end":{"line":6,"column":35}},"1":{"start":{"line":8,"column":13},"end":{"line":8,"column":38}},"2":{"start":{"line":20,"column":14},"end":{"line":62,"column":1}},"3":{"start":{"line":21,"column":2},"end":{"line":61,"column":3}},"4":{"start":{"line":23,"column":18},"end":{"line":23,"column":69}},"5":{"start":{"line":26,"column":4},"end":{"line":32,"column":5}},"6":{"start":{"line":28,"column":6},"end":{"line":31,"column":9}},"7":{"start":{"line":35,"column":20},"end":{"line":35,"column":61}},"8":{"start":{"line":38,"column":17},"end":{"line":38,"column":48}},"9":{"start":{"line":41,"column":4},"end":{"line":47,"column":5}},"10":{"start":{"line":43,"column":6},"end":{"line":46,"column":9}},"11":{"start":{"line":50,"column":4},"end":{"line":50,"column":20}},"12":{"start":{"line":52,"column":4},"end":{"line":52,"column":11}},"13":{"start":{"line":55,"column":4},"end":{"line":55,"column":59}},"14":{"start":{"line":57,"column":4},"end":{"line":60,"column":7}},"15":{"start":{"line":65,"column":0},"end":{"line":65,"column":23}}},"fnMap":{"0":{"name":"(anonymous_0)","decl":{"start":{"line":20,"column":14},"end":{"line":20,"column":15}},"loc":{"start":{"line":20,"column":40},"end":{"line":62,"column":1}},"line":20}},"branchMap":{"0":{"loc":{"start":{"line":26,"column":4},"end":{"line":32,"column":5}},"type":"if","locations":[{"start":{"line":26,"column":4},"end":{"line":32,"column":5}},{"start":{},"end":{}}],"line":26},"1":{"loc":{"start":{"line":41,"column":4},"end":{"line":47,"column":5}},"type":"if","locations":[{"start":{"line":41,"column":4},"end":{"line":47,"column":5}},{"start":{},"end":{}}],"line":41}},"s":{"0":1,"1":1,"2":1,"3":8,"4":8,"5":8,"6":2,"7":6,"8":4,"9":3,"10":1,"11":2,"12":2,"13":3,"14":3,"15":1},"f":{"0":8},"b":{"0":[2,6],"1":[1,2]},"_coverageSchema":"1a1c01bbd47fc00a2c39e90264f33305004495a9","hash":"bd18a9dda0e437e738cb146f1018b3326ec3ca3e"}
,"C:\\Users\\sisth\\OneDrive\\Desktop\\softwaresis\\CollabCanvas\\backend\\middleware\\errorHandler.js": {"path":"C:\\Users\\sisth\\OneDrive\\Desktop\\softwaresis\\CollabCanvas\\backend\\middleware\\errorHandler.js","statementMap":{"0":{"start":{"line":17,"column":4},"end":{"line":17,"column":19}},"1":{"start":{"line":19,"column":4},"end":{"line":19,"column":33}},"2":{"start":{"line":21,"column":4},"end":{"line":21,"column":52}},"3":{"start":{"line":34,"column":21},"end":{"line":96,"column":1}},"4":{"start":{"line":36,"column":2},"end":{"line":36,"column":41}},"5":{"start":{"line":38,"column":2},"end":{"line":38,"column":55}},"6":{"start":{"line":41,"column":2},"end":{"line":48,"column":3}},"7":{"start":{"line":43,"column":20},"end":{"line":45,"column":17}},"8":{"start":{"line":44,"column":20},"end":{"line":44,"column":31}},"9":{"start":{"line":47,"column":4},"end":{"line":47,"column":37}},"10":{"start":{"line":51,"column":2},"end":{"line":58,"column":3}},"11":{"start":{"line":53,"column":18},"end":{"line":53,"column":48}},"12":{"start":{"line":55,"column":20},"end":{"line":55,"column":45}},"13":{"start":{"line":57,"column":4},"end":{"line":57,"column":37}},"14":{"start":{"line":61,"column":2},"end":{"line":64,"column":3}},"15":{"start":{"line":63,"column":4},"end":{"line":63,"column":45}},"16":{"start":{"line":67,"column":2},"end":{"line":70,"column":3}},"17":{"start":{"line":69,"column":4},"end":{"line":69,"column":45}},"18":{"start":{"line":73,"column":2},"end":{"line":78,"column":3}},"19":{"start":{"line":75,"column":20},"end":{"line":75,"column":55}},"20":{"start":{"line":77,"column":4},"end":{"line":77,"column":37}},"21":{"start":{"line":81,"column":2},"end":{"line":83,"column":4}},"22":{"start":{"line":86,"column":2},"end":{"line":95,"column":5}},"23":{"start":{"line":105,"column":21},"end":{"line":108,"column":1}},"24":{"start":{"line":105,"column":29},"end":{"line":108,"column":1}},"25":{"start":{"line":107,"column":2},"end":{"line":107,"column":50}},"26":{"start":{"line":111,"column":0},"end":{"line":115,"column":2}}},"fnMap":{"0":{"name":"(anonymous_0)","decl":{"start":{"line":15,"column":2},"end":{"line":15,"column":3}},"loc":{"start":{"line":15,"column":35},"end":{"line":22,"column":3}},"line":15},"1":{"name":"(anonymous_1)","decl":{"start":{"line":34,"column":21},"end":{"line":34,"column":22}},"loc":{"start":{"line":34,"column":46},"end":{"line":96,"column":1}},"line":34},"2":{"name":"(anonymous_2)","decl":{"start":{"line":44,"column":11},"end":{"line":44,"column":12}},"loc":{"start":{"line":44,"column":20},"end":{"line":44,"column":31}},"line":44},"3":{"name":"(anonymous_3)","decl":{"start":{"line":105,"column":21},"end":{"line":105,"column":22}},"loc":{"start":{"line":105,"column":29},"end":{"line":108,"column":1}},"line":105},"4":{"name":"(anonymous_4)","decl":{"start":{"line":105,"column":29},"end":{"line":105,"column":30}},"loc":{"start":{"line":105,"column":49},"end":{"line":108,"column":1}},"line":105}},"branchMap":{"0":{"loc":{"start":{"line":36,"column":19},"end":{"line":36,"column":40}},"type":"binary-expr","locations":[{"start":{"line":36,"column":19},"end":{"line":36,"column":33}},{"start":{"line":36,"column":37},"end":{"line":36,"column":40}}],"line":36},"1":{"loc":{"start":{"line":38,"column":16},"end":{"line":38,"column":54}},"type":"binary-expr","locations":[{"start":{"line":38,"column":16},"end":{"line":38,"column":27}},{"start":{"line":38,"column":31},"end":{"line":38,"column":54}}],"line":38},"2":{"loc":{"start":{"line":41,"column":2},"end":{"line":48,"column":3}},"type":"if","locations":[{"start":{"line":41,"column":2},"end":{"line":48,"column":3}},{"start":{},"end":{}}],"line":41},"3":{"loc":{"start":{"line":51,"column":2},"end":{"line":58,"column":3}},"type":"if","locations":[{"start":{"line":51,"column":2},"end":{"line":58,"column":3}},{"start":{},"end":{}}],"line":51},"4":{"loc":{"start":{"line":61,"column":2},"end":{"line":64,"column":3}},"type":"if","locations":[{"start":{"line":61,"column":2},"end":{"line":64,"column":3}},{"start":{},"end":{}}],"line":61},"5":{"loc":{"start":{"line":67,"column":2},"end":{"line":70,"column":3}},"type":"if","locations":[{"start":{"line":67,"column":2},"end":{"line":70,"column":3}},{"start":{},"end":{}}],"line":67},"6":{"loc":{"start":{"line":73,"column":2},"end":{"line":78,"column":3}},"type":"if","locations":[{"start":{"line":73,"column":2},"end":{"line":78,"column":3}},{"start":{},"end":{}}],"line":73},"7":{"loc":{"start":{"line":94,"column":8},"end":{"line":94,"column":70}},"type":"binary-expr","locations":[{"start":{"line":94,"column":8},"end":{"line":94,"column":46}},{"start":{"line":94,"column":50},"end":{"line":94,"column":70}}],"line":94}},"s":{"0":13,"1":13,"2":13,"3":1,"4":10,"5":10,"6":10,"7":1,"8":2,"9":1,"10":10,"11":1,"12":1,"13":1,"14":10,"15":1,"16":10,"17":1,"18":10,"19":1,"20":1,"21":10,"22":10,"23":1,"24":3,"25":3,"26":1},"f":{"0":13,"1":10,"2":2,"3":3,"4":3},"b":{"0":[10,7],"1":[10,4],"2":[1,9],"3":[1,9],"4":[1,9],"5":[1,9],"6":[1,9],"7":[10,1]},"_coverageSchema":"1a1c01bbd47fc00a2c39e90264f33305004495a9","hash":"fd3235bd12370c507a81b3c265f27ac1ef0c308a"}
,"C:\\Users\\sisth\\OneDrive\\Desktop\\softwaresis\\CollabCanvas\\backend\\models\\Invitation.js": {"path":"C:\\Users\\sisth\\OneDrive\\Desktop\\softwaresis\\CollabCanvas\\backend\\models\\Invitation.js","statementMap":{"0":{"start":{"line":6,"column":17},"end":{"line":6,"column":36}},"1":{"start":{"line":20,"column":25},"end":{"line":61,"column":2}},"2":{"start":{"line":64,"column":0},"end":{"line":64,"column":64}}},"fnMap":{},"branchMap":{},"s":{"0":2,"1":2,"2":2},"f":{},"b":{},"_coverageSchema":"1a1c01bbd47fc00a2c39e90264f33305004495a9","hash":"3ae9bc53a8d9746b199a3128d6dbd1a3c4b41209"}
,"C:\\Users\\sisth\\OneDrive\\Desktop\\softwaresis\\CollabCanvas\\backend\\models\\Notification.js": {"path":"C:\\Users\\sisth\\OneDrive\\Desktop\\softwaresis\\CollabCanvas\\backend\\models\\Notification.js","statementMap":{"0":{"start":{"line":6,"column":17},"end":{"line":6,"column":36}},"1":{"start":{"line":23,"column":27},"end":{"line":86,"column":2}},"2":{"start":{"line":89,"column":0},"end":{"line":89,"column":69}},"3":{"start":{"line":91,"column":0},"end":{"line":91,"column":58}},"4":{"start":{"line":94,"column":0},"end":{"line":94,"column":68}}},"fnMap":{},"branchMap":{},"s":{"0":2,"1":2,"2":2,"3":2,"4":2},"f":{},"b":{},"_coverageSchema":"1a1c01bbd47fc00a2c39e90264f33305004495a9","hash":"c4f55fc9204a68db259ed35d87dee95a09d6e13e"}
,"C:\\Users\\sisth\\OneDrive\\Desktop\\softwaresis\\CollabCanvas\\backend\\models\\Participant.js": {"path":"C:\\Users\\sisth\\OneDrive\\Desktop\\softwaresis\\CollabCanvas\\backend\\models\\Participant.js","statementMap":{"0":{"start":{"line":6,"column":17},"end":{"line":6,"column":36}},"1":{"start":{"line":19,"column":26},"end":{"line":53,"column":2}},"2":{"start":{"line":56,"column":0},"end":{"line":56,"column":66}}},"fnMap":{},"branchMap":{},"s":{"0":3,"1":3,"2":3},"f":{},"b":{},"_coverageSchema":"1a1c01bbd47fc00a2c39e90264f33305004495a9","hash":"0894dacce24d43b2aab4c93ff75ebb076355a5ab"}
,"C:\\Users\\sisth\\OneDrive\\Desktop\\softwaresis\\CollabCanvas\\backend\\models\\Room.js": {"path":"C:\\Users\\sisth\\OneDrive\\Desktop\\softwaresis\\CollabCanvas\\backend\\models\\Room.js","statementMap":{"0":{"start":{"line":6,"column":17},"end":{"line":6,"column":36}},"1":{"start":{"line":8,"column":15},"end":{"line":8,"column":34}},"2":{"start":{"line":26,"column":19},"end":{"line":89,"column":2}},"3":{"start":{"line":94,"column":0},"end":{"line":113,"column":3}},"4":{"start":{"line":96,"column":2},"end":{"line":96,"column":30}},"5":{"start":{"line":99,"column":2},"end":{"line":109,"column":3}},"6":{"start":{"line":100,"column":4},"end":{"line":108,"column":5}},"7":{"start":{"line":102,"column":19},"end":{"line":102,"column":43}},"8":{"start":{"line":104,"column":6},"end":{"line":104,"column":61}},"9":{"start":{"line":107,"column":6},"end":{"line":107,"column":18}},"10":{"start":{"line":112,"column":2},"end":{"line":112,"column":9}},"11":{"start":{"line":123,"column":0},"end":{"line":126,"column":2}},"12":{"start":{"line":125,"column":2},"end":{"line":125,"column":54}},"13":{"start":{"line":129,"column":0},"end":{"line":129,"column":52}}},"fnMap":{"0":{"name":"(anonymous_0)","decl":{"start":{"line":94,"column":23},"end":{"line":94,"column":24}},"loc":{"start":{"line":94,"column":45},"end":{"line":113,"column":1}},"line":94},"1":{"name":"(anonymous_1)","decl":{"start":{"line":123,"column":37},"end":{"line":123,"column":38}},"loc":{"start":{"line":123,"column":68},"end":{"line":126,"column":1}},"line":123}},"branchMap":{"0":{"loc":{"start":{"line":99,"column":2},"end":{"line":109,"column":3}},"type":"if","locations":[{"start":{"line":99,"column":2},"end":{"line":109,"column":3}},{"start":{},"end":{}}],"line":99},"1":{"loc":{"start":{"line":99,"column":6},"end":{"line":99,"column":50}},"type":"binary-expr","locations":[{"start":{"line":99,"column":6},"end":{"line":99,"column":33}},{"start":{"line":99,"column":37},"end":{"line":99,"column":50}}],"line":99}},"s":{"0":3,"1":3,"2":3,"3":3,"4":0,"5":0,"6":0,"7":0,"8":0,"9":0,"10":0,"11":3,"12":0,"13":3},"f":{"0":0,"1":0},"b":{"0":[0,0],"1":[0,0]},"_coverageSchema":"1a1c01bbd47fc00a2c39e90264f33305004495a9","hash":"f77c1013ada60367e8e2612bde53b38d398a0461"}
,"C:\\Users\\sisth\\OneDrive\\Desktop\\softwaresis\\CollabCanvas\\backend\\models\\User.js": {"path":"C:\\Users\\sisth\\OneDrive\\Desktop\\softwaresis\\CollabCanvas\\backend\\models\\User.js","statementMap":{"0":{"start":{"line":6,"column":17},"end":{"line":6,"column":36}},"1":{"start":{"line":26,"column":19},"end":{"line":66,"column":2}},"2":{"start":{"line":69,"column":0},"end":{"line":69,"column":52}}},"fnMap":{},"branchMap":{},"s":{"0":5,"1":5,"2":5},"f":{},"b":{},"_coverageSchema":"1a1c01bbd47fc00a2c39e90264f33305004495a9","hash":"de6b724f0f7e40fac478d18547f9b44d1dd353ad"}
,"C:\\Users\\sisth\\OneDrive\\Desktop\\softwaresis\\CollabCanvas\\backend\\utils\\generateRoomCode.js": {"path":"C:\\Users\\sisth\\OneDrive\\Desktop\\softwaresis\\CollabCanvas\\backend\\utils\\generateRoomCode.js","statementMap":{"0":{"start":{"line":11,"column":25},"end":{"line":17,"column":1}},"1":{"start":{"line":16,"column":2},"end":{"line":16,"column":63}},"2":{"start":{"line":20,"column":0},"end":{"line":20,"column":38}}},"fnMap":{"0":{"name":"(anonymous_0)","decl":{"start":{"line":11,"column":25},"end":{"line":11,"column":26}},"loc":{"start":{"line":11,"column":31},"end":{"line":17,"column":1}},"line":11}},"branchMap":{},"s":{"0":2,"1":54,"2":2},"f":{"0":54},"b":{},"_coverageSchema":"1a1c01bbd47fc00a2c39e90264f33305004495a9","hash":"fd1c83a5e3cd6e953b4e3deb993e344747988f95"}
,"C:\\Users\\sisth\\OneDrive\\Desktop\\softwaresis\\CollabCanvas\\backend\\utils\\sendEmail.js": {"path":"C:\\Users\\sisth\\OneDrive\\Desktop\\softwaresis\\CollabCanvas\\backend\\utils\\sendEmail.js","statementMap":{"0":{"start":{"line":6,"column":19},"end":{"line":6,"column":40}},"1":{"start":{"line":7,"column":14},"end":{"line":7,"column":30}},"2":{"start":{"line":13,"column":18},"end":{"line":22,"column":1}},"3":{"start":{"line":14,"column":23},"end":{"line":14,"column":49}},"4":{"start":{"line":16,"column":2},"end":{"line":18,"column":3}},"5":{"start":{"line":17,"column":4},"end":{"line":17,"column":49}},"6":{"start":{"line":21,"column":2},"end":{"line":21,"column":31}},"7":{"start":{"line":27,"column":23},"end":{"line":83,"column":1}},"8":{"start":{"line":28,"column":2},"end":{"line":82,"column":5}},"9":{"start":{"line":29,"column":24},"end":{"line":29,"column":74}},"10":{"start":{"line":30,"column":22},"end":{"line":30,"column":65}},"11":{"start":{"line":32,"column":20},"end":{"line":44,"column":6}},"12":{"start":{"line":46,"column":4},"end":{"line":46,"column":90}},"13":{"start":{"line":48,"column":23},"end":{"line":58,"column":5}},"14":{"start":{"line":60,"column":16},"end":{"line":73,"column":6}},"15":{"start":{"line":61,"column":17},"end":{"line":61,"column":19}},"16":{"start":{"line":62,"column":6},"end":{"line":62,"column":52}},"17":{"start":{"line":62,"column":34},"end":{"line":62,"column":48}},"18":{"start":{"line":63,"column":6},"end":{"line":72,"column":9}},"19":{"start":{"line":64,"column":8},"end":{"line":64,"column":66}},"20":{"start":{"line":65,"column":8},"end":{"line":71,"column":9}},"21":{"start":{"line":66,"column":10},"end":{"line":66,"column":53}},"22":{"start":{"line":67,"column":10},"end":{"line":67,"column":24}},"23":{"start":{"line":69,"column":10},"end":{"line":69,"column":69}},"24":{"start":{"line":70,"column":10},"end":{"line":70,"column":77}},"25":{"start":{"line":75,"column":4},"end":{"line":78,"column":7}},"26":{"start":{"line":76,"column":6},"end":{"line":76,"column":60}},"27":{"start":{"line":77,"column":6},"end":{"line":77,"column":18}},"28":{"start":{"line":80,"column":4},"end":{"line":80,"column":23}},"29":{"start":{"line":81,"column":4},"end":{"line":81,"column":14}},"30":{"start":{"line":88,"column":21},"end":{"line":161,"column":1}},"31":{"start":{"line":89,"column":19},"end":{"line":89,"column":60}},"32":{"start":{"line":90,"column":19},"end":{"line":90,"column":59}},"33":{"start":{"line":91,"column":19},"end":{"line":91,"column":56}},"34":{"start":{"line":92,"column":19},"end":{"line":92,"column":91}},"35":{"start":{"line":95,"column":2},"end":{"line":95,"column":116}},"36":{"start":{"line":98,"column":22},"end":{"line":127,"column":4}},"37":{"start":{"line":129,"column":20},"end":{"line":129,"column":63}},"38":{"start":{"line":132,"column":22},"end":{"line":148,"column":3}},"39":{"start":{"line":150,"column":2},"end":{"line":160,"column":3}},"40":{"start":{"line":152,"column":17},"end":{"line":152,"column":56}},"41":{"start":{"line":154,"column":4},"end":{"line":154,"column":52}},"42":{"start":{"line":157,"column":4},"end":{"line":157,"column":49}},"43":{"start":{"line":159,"column":4},"end":{"line":159,"column":16}},"44":{"start":{"line":164,"column":0},"end":{"line":164,"column":27}}},"fnMap":{"0":{"name":"(anonymous_0)","decl":{"start":{"line":13,"column":18},"end":{"line":13,"column":19}},"loc":{"start":{"line":13,"column":37},"end":{"line":22,"column":1}},"line":13},"1":{"name":"(anonymous_1)","decl":{"start":{"line":27,"column":23},"end":{"line":27,"column":24}},"loc":{"start":{"line":27,"column":44},"end":{"line":83,"column":1}},"line":27},"2":{"name":"(anonymous_2)","decl":{"start":{"line":28,"column":21},"end":{"line":28,"column":22}},"loc":{"start":{"line":28,"column":42},"end":{"line":82,"column":3}},"line":28},"3":{"name":"(anonymous_3)","decl":{"start":{"line":60,"column":42},"end":{"line":60,"column":43}},"loc":{"start":{"line":60,"column":51},"end":{"line":73,"column":5}},"line":60},"4":{"name":"(anonymous_4)","decl":{"start":{"line":62,"column":21},"end":{"line":62,"column":22}},"loc":{"start":{"line":62,"column":32},"end":{"line":62,"column":50}},"line":62},"5":{"name":"(anonymous_5)","decl":{"start":{"line":63,"column":20},"end":{"line":63,"column":21}},"loc":{"start":{"line":63,"column":26},"end":{"line":72,"column":7}},"line":63},"6":{"name":"(anonymous_6)","decl":{"start":{"line":75,"column":20},"end":{"line":75,"column":21}},"loc":{"start":{"line":75,"column":29},"end":{"line":78,"column":5}},"line":75},"7":{"name":"(anonymous_7)","decl":{"start":{"line":88,"column":21},"end":{"line":88,"column":22}},"loc":{"start":{"line":88,"column":40},"end":{"line":161,"column":1}},"line":88}},"branchMap":{"0":{"loc":{"start":{"line":16,"column":2},"end":{"line":18,"column":3}},"type":"if","locations":[{"start":{"line":16,"column":2},"end":{"line":18,"column":3}},{"start":{},"end":{}}],"line":16},"1":{"loc":{"start":{"line":29,"column":24},"end":{"line":29,"column":74}},"type":"binary-expr","locations":[{"start":{"line":29,"column":24},"end":{"line":29,"column":47}},{"start":{"line":29,"column":51},"end":{"line":29,"column":74}}],"line":29},"2":{"loc":{"start":{"line":30,"column":22},"end":{"line":30,"column":65}},"type":"binary-expr","locations":[{"start":{"line":30,"column":22},"end":{"line":30,"column":45}},{"start":{"line":30,"column":49},"end":{"line":30,"column":65}}],"line":30},"3":{"loc":{"start":{"line":65,"column":8},"end":{"line":71,"column":9}},"type":"if","locations":[{"start":{"line":65,"column":8},"end":{"line":71,"column":9}},{"start":{"line":68,"column":15},"end":{"line":71,"column":9}}],"line":65},"4":{"loc":{"start":{"line":65,"column":12},"end":{"line":65,"column":57}},"type":"binary-expr","locations":[{"start":{"line":65,"column":12},"end":{"line":65,"column":33}},{"start":{"line":65,"column":37},"end":{"line":65,"column":57}}],"line":65},"5":{"loc":{"start":{"line":89,"column":19},"end":{"line":89,"column":60}},"type":"binary-expr","locations":[{"start":{"line":89,"column":19},"end":{"line":89,"column":40}},{"start":{"line":89,"column":44},"end":{"line":89,"column":60}}],"line":89},"6":{"loc":{"start":{"line":90,"column":28},"end":{"line":90,"column":58}},"type":"binary-expr","locations":[{"start":{"line":90,"column":28},"end":{"line":90,"column":49}},{"start":{"line":90,"column":53},"end":{"line":90,"column":58}}],"line":90},"7":{"loc":{"start":{"line":91,"column":20},"end":{"line":91,"column":48}},"type":"binary-expr","locations":[{"start":{"line":91,"column":20},"end":{"line":91,"column":42}},{"start":{"line":91,"column":46},"end":{"line":91,"column":48}}],"line":91},"8":{"loc":{"start":{"line":92,"column":19},"end":{"line":92,"column":91}},"type":"cond-expr","locations":[{"start":{"line":92,"column":44},"end":{"line":92,"column":86}},{"start":{"line":92,"column":89},"end":{"line":92,"column":91}}],"line":92},"9":{"loc":{"start":{"line":129,"column":20},"end":{"line":129,"column":63}},"type":"binary-expr","locations":[{"start":{"line":129,"column":20},"end":{"line":129,"column":43}},{"start":{"line":129,"column":47},"end":{"line":129,"column":63}}],"line":129}},"s":{"0":5,"1":5,"2":5,"3":4,"4":4,"5":2,"6":2,"7":5,"8":2,"9":2,"10":2,"11":2,"12":2,"13":2,"14":2,"15":2,"16":2,"17":2,"18":2,"19":2,"20":2,"21":1,"22":1,"23":1,"24":1,"25":2,"26":0,"27":0,"28":2,"29":2,"30":5,"31":2,"32":2,"33":2,"34":2,"35":2,"36":2,"37":2,"38":2,"39":2,"40":2,"41":1,"42":1,"43":1,"44":5},"f":{"0":4,"1":2,"2":2,"3":2,"4":2,"5":2,"6":0,"7":2},"b":{"0":[2,2],"1":[2,2],"2":[2,0],"3":[1,1],"4":[2,2],"5":[2,2],"6":[2,2],"7":[2,0],"8":[2,0],"9":[2,1]},"_coverageSchema":"1a1c01bbd47fc00a2c39e90264f33305004495a9","hash":"54e56785a420c5bdba480e1ac3dc0512263f9efa"}
}
