TN:
SF:config\database.js
FN:16,(anonymous_0)
FN:39,(anonymous_1)
FNF:2
FNH:2
FNDA:4,(anonymous_0)
FNDA:5,(anonymous_1)
DA:6,4
DA:16,4
DA:18,4
DA:20,4
DA:23,4
DA:24,9
DA:26,9
DA:28,3
DA:30,3
DA:33,6
DA:35,6
DA:37,5
DA:39,5
DA:42,1
DA:44,1
DA:51,4
LF:16
LH:16
BRDA:35,0,0,5
BRDA:35,0,1,1
BRF:2
BRH:2
end_of_record
TN:
SF:controllers\notificationController.js
FN:19,(anonymous_0)
FN:77,(anonymous_1)
FN:109,(anonymous_2)
FN:161,(anonymous_3)
FN:200,(anonymous_4)
FN:246,(anonymous_5)
FNF:6
FNH:6
FNDA:3,(anonymous_0)
FNDA:3,(anonymous_1)
FNDA:3,(anonymous_2)
FNDA:2,(anonymous_3)
FNDA:3,(anonymous_4)
FNDA:2,(anonymous_5)
DA:6,1
DA:8,1
DA:19,1
DA:20,3
DA:22,3
DA:25,3
DA:27,3
DA:28,1
DA:32,3
DA:45,2
DA:48,2
DA:60,1
DA:77,1
DA:78,3
DA:80,3
DA:86,2
DA:92,1
DA:109,1
DA:110,3
DA:112,3
DA:115,3
DA:129,2
DA:130,1
DA:137,1
DA:144,1
DA:161,1
DA:162,2
DA:164,2
DA:175,1
DA:183,1
DA:200,1
DA:201,3
DA:203,3
DA:206,3
DA:212,2
DA:213,1
DA:220,1
DA:226,1
DA:246,1
DA:253,2
DA:255,2
DA:267,2
DA:269,1
DA:272,1
DA:274,1
DA:278,1
LF:46
LH:46
BRDA:22,0,0,2
BRDA:22,1,0,2
BRDA:22,2,0,2
BRDA:27,3,0,1
BRDA:27,3,1,2
BRDA:129,4,0,1
BRDA:129,4,1,1
BRDA:212,5,0,1
BRDA:212,5,1,1
BRDA:251,6,0,1
BRF:10
BRH:10
end_of_record
TN:
SF:controllers\participantController.js
FN:21,(anonymous_0)
FN:64,(anonymous_1)
FN:114,(anonymous_2)
FN:167,(anonymous_3)
FN:208,(anonymous_4)
FN:243,(anonymous_5)
FNF:6
FNH:6
FNDA:3,(anonymous_0)
FNDA:3,(anonymous_1)
FNDA:4,(anonymous_2)
FNDA:3,(anonymous_3)
FNDA:2,(anonymous_4)
FNDA:3,(anonymous_5)
DA:6,1
DA:8,1
DA:10,1
DA:21,1
DA:22,3
DA:24,3
DA:27,3
DA:33,2
DA:34,1
DA:38,1
DA:45,1
DA:51,1
DA:64,1
DA:65,3
DA:67,3
DA:69,3
DA:72,3
DA:74,3
DA:75,2
DA:81,1
DA:91,1
DA:101,0
DA:114,1
DA:115,4
DA:117,4
DA:120,4
DA:126,4
DA:127,2
DA:133,2
DA:135,2
DA:139,1
DA:143,1
DA:148,1
DA:151,1
DA:154,0
DA:167,1
DA:168,3
DA:170,3
DA:173,3
DA:179,2
DA:180,1
DA:186,1
DA:192,1
DA:195,1
DA:208,1
DA:209,2
DA:211,2
DA:214,2
DA:216,2
DA:217,1
DA:221,1
DA:227,1
DA:230,0
DA:243,1
DA:244,3
DA:246,3
DA:247,3
DA:250,3
DA:253,2
DA:255,2
DA:256,1
DA:259,2
DA:260,1
DA:264,2
DA:270,2
DA:273,1
DA:277,1
LF:67
LH:64
BRDA:33,0,0,1
BRDA:33,0,1,1
BRDA:74,1,0,2
BRDA:74,1,1,1
BRDA:74,2,0,3
BRDA:74,2,1,2
BRDA:126,3,0,2
BRDA:126,3,1,2
BRDA:126,4,0,4
BRDA:126,4,1,3
BRDA:135,5,0,1
BRDA:135,5,1,1
BRDA:136,6,0,2
BRDA:136,6,1,2
BRDA:179,7,0,1
BRDA:179,7,1,1
BRDA:179,8,0,2
BRDA:179,8,1,2
BRDA:216,9,0,1
BRDA:216,9,1,1
BRDA:255,10,0,1
BRDA:255,10,1,1
BRDA:259,11,0,1
BRDA:259,11,1,1
BRF:24
BRH:24
end_of_record
TN:
SF:controllers\roomController.js
FN:29,(anonymous_0)
FN:98,(anonymous_1)
FN:179,(anonymous_2)
FN:234,(anonymous_3)
FN:243,(anonymous_4)
FN:274,(anonymous_5)
FN:315,(anonymous_6)
FN:351,(anonymous_7)
FN:387,(anonymous_8)
FN:412,(anonymous_9)
FN:495,(anonymous_10)
FN:541,(anonymous_11)
FN:614,(anonymous_12)
FN:745,(anonymous_13)
FN:792,(anonymous_14)
FNF:15
FNH:13
FNDA:3,(anonymous_0)
FNDA:4,(anonymous_1)
FNDA:2,(anonymous_2)
FNDA:1,(anonymous_3)
FNDA:2,(anonymous_4)
FNDA:2,(anonymous_5)
FNDA:2,(anonymous_6)
FNDA:4,(anonymous_7)
FNDA:1,(anonymous_8)
FNDA:8,(anonymous_9)
FNDA:0,(anonymous_10)
FNDA:3,(anonymous_11)
FNDA:4,(anonymous_12)
FNDA:4,(anonymous_13)
FNDA:0,(anonymous_14)
DA:6,1
DA:8,1
DA:10,1
DA:12,1
DA:14,1
DA:16,1
DA:18,1
DA:29,1
DA:30,3
DA:32,3
DA:37,3
DA:39,4
DA:41,4
DA:45,3
DA:56,3
DA:59,2
DA:66,2
DA:69,2
DA:71,2
DA:74,2
DA:85,1
DA:98,1
DA:99,4
DA:101,4
DA:104,4
DA:110,4
DA:111,1
DA:115,3
DA:117,1
DA:119,1
DA:120,1
DA:125,2
DA:131,2
DA:132,1
DA:139,1
DA:144,1
DA:147,1
DA:149,1
DA:152,1
DA:166,0
DA:179,1
DA:180,2
DA:182,2
DA:184,2
DA:190,2
DA:191,1
DA:195,2
DA:206,2
DA:209,2
DA:221,0
DA:234,1
DA:235,1
DA:237,1
DA:243,2
DA:246,1
DA:258,1
DA:261,0
DA:274,1
DA:275,2
DA:277,2
DA:278,2
DA:281,2
DA:287,2
DA:288,1
DA:294,1
DA:296,1
DA:299,1
DA:302,0
DA:315,1
DA:316,2
DA:318,2
DA:321,2
DA:328,2
DA:329,1
DA:335,1
DA:338,0
DA:351,1
DA:352,4
DA:354,4
DA:357,4
DA:363,4
DA:364,1
DA:368,3
DA:374,3
DA:375,1
DA:379,2
DA:380,1
DA:386,1
DA:387,1
DA:390,1
DA:393,1
DA:396,1
DA:399,0
DA:412,1
DA:413,8
DA:415,8
DA:417,8
DA:420,8
DA:426,8
DA:427,1
DA:431,7
DA:437,7
DA:438,1
DA:442,6
DA:443,1
DA:447,5
DA:450,2
DA:451,1
DA:454,1
DA:455,0
DA:458,1
DA:460,1
DA:462,1
DA:463,1
DA:467,1
DA:468,0
DA:471,1
DA:472,0
DA:475,1
DA:477,1
DA:479,1
DA:480,1
DA:484,0
DA:485,0
DA:488,0
DA:489,0
DA:492,0
DA:494,0
DA:495,0
DA:498,0
DA:500,0
DA:502,0
DA:503,0
DA:507,1
DA:508,0
DA:511,1
DA:512,0
DA:515,1
DA:517,1
DA:519,1
DA:520,1
DA:524,1
DA:528,0
DA:541,1
DA:542,3
DA:544,3
DA:547,3
DA:550,3
DA:551,1
DA:554,2
DA:558,3
DA:561,3
DA:562,1
DA:566,2
DA:572,2
DA:579,2
DA:580,1
DA:584,1
DA:601,0
DA:614,1
DA:615,4
DA:617,4
DA:618,4
DA:621,4
DA:622,1
DA:629,3
DA:635,3
DA:636,1
DA:643,2
DA:649,2
DA:650,1
DA:657,1
DA:662,1
DA:663,0
DA:670,1
DA:671,1
DA:674,1
DA:675,1
DA:677,1
DA:682,1
DA:683,0
DA:684,0
DA:688,1
DA:694,1
DA:695,0
DA:696,0
DA:700,1
DA:709,1
DA:711,1
DA:713,1
DA:716,0
DA:721,1
DA:729,0
DA:745,1
DA:746,4
DA:748,4
DA:749,4
DA:752,4
DA:758,4
DA:759,1
DA:766,3
DA:772,3
DA:773,1
DA:780,2
DA:781,2
DA:783,2
DA:785,2
DA:788,2
DA:789,2
DA:792,2
DA:794,0
DA:797,0
DA:801,0
DA:802,0
DA:803,0
DA:804,0
DA:805,0
DA:807,0
DA:808,0
DA:809,0
DA:810,0
DA:812,0
DA:814,0
DA:818,0
DA:819,0
DA:826,0
DA:827,0
DA:835,0
DA:839,0
DA:840,0
DA:841,0
DA:842,0
DA:846,0
DA:847,0
DA:849,0
DA:852,0
DA:853,0
DA:860,0
DA:861,0
DA:865,0
DA:866,0
DA:867,0
DA:868,0
DA:869,0
DA:871,0
DA:872,0
DA:875,0
DA:876,0
DA:877,0
DA:878,0
DA:881,0
DA:883,0
DA:886,0
DA:887,0
DA:888,0
DA:892,0
DA:893,0
DA:897,0
DA:899,0
DA:903,0
DA:904,0
DA:905,0
DA:906,0
DA:910,0
DA:914,2
DA:915,2
DA:916,0
DA:917,0
DA:920,0
DA:928,2
DA:931,2
DA:932,1
DA:933,1
DA:934,1
DA:937,1
DA:938,1
DA:939,1
DA:943,2
DA:946,0
DA:947,0
DA:956,1
LF:281
LH:191
BRDA:110,0,0,1
BRDA:110,0,1,3
BRDA:115,1,0,1
BRDA:115,1,1,2
BRDA:115,2,0,3
BRDA:115,2,1,1
BRDA:117,3,0,1
BRDA:117,3,1,0
BRDA:119,4,0,1
BRDA:119,4,1,0
BRDA:131,5,0,1
BRDA:131,5,1,1
BRDA:182,6,0,0
BRDA:182,7,0,0
BRDA:190,8,0,1
BRDA:190,8,1,1
BRDA:287,9,0,1
BRDA:287,9,1,1
BRDA:328,10,0,1
BRDA:328,10,1,1
BRDA:363,11,0,1
BRDA:363,11,1,3
BRDA:374,12,0,1
BRDA:374,12,1,2
BRDA:379,13,0,1
BRDA:379,13,1,1
BRDA:426,14,0,1
BRDA:426,14,1,7
BRDA:437,15,0,1
BRDA:437,15,1,6
BRDA:442,16,0,1
BRDA:442,16,1,5
BRDA:447,17,0,2
BRDA:447,17,1,1
BRDA:447,17,2,0
BRDA:447,17,3,1
BRDA:447,17,4,1
BRDA:450,18,0,1
BRDA:450,18,1,1
BRDA:454,19,0,0
BRDA:454,19,1,1
BRDA:467,20,0,0
BRDA:467,20,1,1
BRDA:471,21,0,0
BRDA:471,21,1,1
BRDA:484,22,0,0
BRDA:484,22,1,0
BRDA:488,23,0,0
BRDA:488,23,1,0
BRDA:488,24,0,0
BRDA:488,24,1,0
BRDA:507,25,0,0
BRDA:507,25,1,1
BRDA:511,26,0,0
BRDA:511,26,1,1
BRDA:511,27,0,1
BRDA:511,27,1,0
BRDA:550,28,0,1
BRDA:550,28,1,2
BRDA:561,29,0,1
BRDA:561,29,1,2
BRDA:579,30,0,1
BRDA:579,30,1,1
BRDA:592,31,0,1
BRDA:592,31,1,0
BRDA:621,32,0,1
BRDA:621,32,1,3
BRDA:621,33,0,4
BRDA:621,33,1,4
BRDA:621,33,2,4
BRDA:635,34,0,1
BRDA:635,34,1,2
BRDA:649,35,0,1
BRDA:649,35,1,1
BRDA:649,36,0,2
BRDA:649,36,1,2
BRDA:662,37,0,0
BRDA:662,37,1,1
BRDA:682,38,0,0
BRDA:682,38,1,1
BRDA:694,39,0,0
BRDA:694,39,1,1
BRDA:749,40,0,1
BRDA:758,41,0,1
BRDA:758,41,1,3
BRDA:772,42,0,1
BRDA:772,42,1,2
BRDA:794,43,0,0
BRDA:794,43,1,0
BRDA:797,44,0,0
BRDA:797,44,1,0
BRDA:797,44,2,0
BRDA:797,44,3,0
BRDA:797,44,4,0
BRDA:797,44,5,0
BRDA:797,44,6,0
BRDA:801,45,0,0
BRDA:801,45,1,0
BRDA:801,46,0,0
BRDA:801,46,1,0
BRDA:818,47,0,0
BRDA:818,47,1,0
BRDA:818,48,0,0
BRDA:818,48,1,0
BRDA:865,49,0,0
BRDA:865,49,1,0
BRDA:865,50,0,0
BRDA:865,50,1,0
BRDA:905,51,0,0
BRDA:905,51,1,0
BRDA:914,52,0,2
BRDA:914,52,1,0
BRDA:914,53,0,2
BRDA:914,53,1,2
BRDA:931,54,0,1
BRDA:931,54,1,1
BRDA:931,55,0,2
BRDA:931,55,1,1
BRF:118
BRH:73
end_of_record
TN:
SF:middleware\authh.js
FN:20,(anonymous_0)
FNF:1
FNH:1
FNDA:8,(anonymous_0)
DA:6,1
DA:8,1
DA:20,1
DA:21,8
DA:23,8
DA:26,8
DA:28,2
DA:35,6
DA:38,4
DA:41,3
DA:43,1
DA:50,2
DA:52,2
DA:55,3
DA:57,3
DA:65,1
LF:16
LH:16
BRDA:26,0,0,2
BRDA:26,0,1,6
BRDA:41,1,0,1
BRDA:41,1,1,2
BRF:4
BRH:4
end_of_record
TN:
SF:middleware\errorHandler.js
FN:15,(anonymous_0)
FN:34,(anonymous_1)
FN:44,(anonymous_2)
FN:105,(anonymous_3)
FN:105,(anonymous_4)
FNF:5
FNH:5
FNDA:13,(anonymous_0)
FNDA:10,(anonymous_1)
FNDA:2,(anonymous_2)
FNDA:3,(anonymous_3)
FNDA:3,(anonymous_4)
DA:17,13
DA:19,13
DA:21,13
DA:34,1
DA:36,10
DA:38,10
DA:41,10
DA:43,1
DA:44,2
DA:47,1
DA:51,10
DA:53,1
DA:55,1
DA:57,1
DA:61,10
DA:63,1
DA:67,10
DA:69,1
DA:73,10
DA:75,1
DA:77,1
DA:81,10
DA:86,10
DA:105,3
DA:107,3
DA:111,1
LF:26
LH:26
BRDA:36,0,0,10
BRDA:36,0,1,7
BRDA:38,1,0,10
BRDA:38,1,1,4
BRDA:41,2,0,1
BRDA:41,2,1,9
BRDA:51,3,0,1
BRDA:51,3,1,9
BRDA:61,4,0,1
BRDA:61,4,1,9
BRDA:67,5,0,1
BRDA:67,5,1,9
BRDA:73,6,0,1
BRDA:73,6,1,9
BRDA:94,7,0,10
BRDA:94,7,1,1
BRF:16
BRH:16
end_of_record
TN:
SF:models\Invitation.js
FNF:0
FNH:0
DA:6,2
DA:20,2
DA:64,2
LF:3
LH:3
BRF:0
BRH:0
end_of_record
TN:
SF:models\Notification.js
FNF:0
FNH:0
DA:6,2
DA:23,2
DA:89,2
DA:91,2
DA:94,2
LF:5
LH:5
BRF:0
BRH:0
end_of_record
TN:
SF:models\Participant.js
FNF:0
FNH:0
DA:6,3
DA:19,3
DA:56,3
LF:3
LH:3
BRF:0
BRH:0
end_of_record
TN:
SF:models\Room.js
FN:94,(anonymous_0)
FN:123,(anonymous_1)
FNF:2
FNH:0
FNDA:0,(anonymous_0)
FNDA:0,(anonymous_1)
DA:6,3
DA:8,3
DA:26,3
DA:94,3
DA:96,0
DA:99,0
DA:100,0
DA:102,0
DA:104,0
DA:107,0
DA:112,0
DA:123,3
DA:125,0
DA:129,3
LF:14
LH:6
BRDA:99,0,0,0
BRDA:99,0,1,0
BRDA:99,1,0,0
BRDA:99,1,1,0
BRF:4
BRH:0
end_of_record
TN:
SF:models\User.js
FNF:0
FNH:0
DA:6,5
DA:26,5
DA:69,5
LF:3
LH:3
BRF:0
BRH:0
end_of_record
TN:
SF:utils\generateRoomCode.js
FN:11,(anonymous_0)
FNF:1
FNH:1
FNDA:54,(anonymous_0)
DA:11,2
DA:16,54
DA:20,2
LF:3
LH:3
BRF:0
BRH:0
end_of_record
TN:
SF:utils\sendEmail.js
FN:13,(anonymous_0)
FN:27,(anonymous_1)
FN:28,(anonymous_2)
FN:60,(anonymous_3)
FN:62,(anonymous_4)
FN:63,(anonymous_5)
FN:75,(anonymous_6)
FN:88,(anonymous_7)
FNF:8
FNH:7
FNDA:4,(anonymous_0)
FNDA:2,(anonymous_1)
FNDA:2,(anonymous_2)
FNDA:2,(anonymous_3)
FNDA:2,(anonymous_4)
FNDA:2,(anonymous_5)
FNDA:0,(anonymous_6)
FNDA:2,(anonymous_7)
DA:6,5
DA:7,5
DA:13,5
DA:14,4
DA:16,4
DA:17,2
DA:21,2
DA:27,5
DA:28,2
DA:29,2
DA:30,2
DA:32,2
DA:46,2
DA:48,2
DA:60,2
DA:61,2
DA:62,2
DA:63,2
DA:64,2
DA:65,2
DA:66,1
DA:67,1
DA:69,1
DA:70,1
DA:75,2
DA:76,0
DA:77,0
DA:80,2
DA:81,2
DA:88,5
DA:89,2
DA:90,2
DA:91,2
DA:92,2
DA:95,2
DA:98,2
DA:129,2
DA:132,2
DA:150,2
DA:152,2
DA:154,1
DA:157,1
DA:159,1
DA:164,5
LF:44
LH:42
BRDA:16,0,0,2
BRDA:16,0,1,2
BRDA:29,1,0,2
BRDA:29,1,1,2
BRDA:30,2,0,2
BRDA:30,2,1,0
BRDA:65,3,0,1
BRDA:65,3,1,1
BRDA:65,4,0,2
BRDA:65,4,1,2
BRDA:89,5,0,2
BRDA:89,5,1,2
BRDA:90,6,0,2
BRDA:90,6,1,2
BRDA:91,7,0,2
BRDA:91,7,1,0
BRDA:92,8,0,2
BRDA:92,8,1,0
BRDA:129,9,0,2
BRDA:129,9,1,1
BRF:20
BRH:17
end_of_record
